2021-09-08 21:49:09.9400|INFO|Servicio.Helpers.NLogger|JSON
Method: GET
URL: http://localhost:8105/api/Careers
Controller : Servicio.Controllers.CareersController
Action : GetCareers
Action Parameters : {"messageFormat":"JSON","messageArguments":[{"state":0,"page":1,"top":9999999,"orderby":"idcareers","ascending":"asc","name":""}]}

2021-09-08 21:50:14.0227|INFO|Servicio.Helpers.NLogger|JSON
Method: GET
URL: http://localhost:8105/api/Careers
Controller : Servicio.Controllers.CareersController
Action : GetCareers
Action Parameters : {"messageFormat":"JSON","messageArguments":[{"state":0,"page":1,"top":9999999,"orderby":"idcareers","ascending":"asc","name":""}]}

2021-09-08 21:51:42.6887|INFO|Servicio.Helpers.NLogger|JSON
Method: GET
URL: http://localhost:8105/api/Careers
Controller : Servicio.Controllers.CareersController
Action : GetCareers
Action Parameters : {"messageFormat":"JSON","messageArguments":[{"state":0,"page":1,"top":9999999,"orderby":"idcareers","ascending":"asc","name":""}]}

2021-09-08 21:58:30.4863|INFO|Servicio.Helpers.NLogger|JSON
Method: GET
URL: http://localhost:8105/api/Careers
Controller : Servicio.Controllers.CareersController
Action : GetCareers
Action Parameters : {"messageFormat":"JSON","messageArguments":[{"state":0,"page":1,"top":9999999,"orderby":"idcareers","ascending":"asc","name":""}]}

2021-09-08 22:01:01.7782|INFO|Servicio.Helpers.NLogger|JSON
Method: GET
URL: http://localhost:8105/api/Careers
Controller : Servicio.Controllers.CareersController
Action : GetCareers
Action Parameters : {"messageFormat":"JSON","messageArguments":[{"state":0,"page":1,"top":9999999,"orderby":"idcareers","ascending":"asc","name":""}]}

2021-09-08 22:02:25.3672|INFO|Servicio.Helpers.NLogger|JSON
Method: GET
URL: http://localhost:8105/api/Careers
Controller : Servicio.Controllers.CareersController
Action : GetCareers
Action Parameters : {"messageFormat":"JSON","messageArguments":[{"state":0,"page":1,"top":9999999,"orderby":"idcareers","ascending":"asc","name":""}]}

