2021-08-14 18:12:33.9817|INFO|Servicio.Helpers.NLogger|JSON
Method: GET
URL: http://localhost:8105/api/Careers
Controller : Servicio.Controllers.CareersController
Action : GetCareers
Action Parameters : {"messageFormat":"JSON","messageArguments":[{"state":0,"page":1,"top":9999999,"orderby":"idcareers","ascending":"asc","name":""}]}

2021-08-14 18:12:40.5628|INFO|Servicio.Helpers.NLogger|JSON
Method: GET
URL: http://localhost:8105/api/Careers
Controller : Servicio.Controllers.CareersController
Action : GetCareers
Action Parameters : {"messageFormat":"JSON","messageArguments":[{"state":0,"page":1,"top":9999999,"orderby":"idcareers","ascending":"asc","name":""}]}

2021-08-14 18:12:41.1154|INFO|Servicio.Helpers.NLogger|JSON
Method: GET
URL: http://localhost:8105/api/Careers
Controller : Servicio.Controllers.CareersController
Action : GetCareers
Action Parameters : {"messageFormat":"JSON","messageArguments":[{"state":0,"page":1,"top":9999999,"orderby":"idcareers","ascending":"asc","name":""}]}

2021-08-14 18:12:41.5384|INFO|Servicio.Helpers.NLogger|JSON
Method: GET
URL: http://localhost:8105/api/Careers
Controller : Servicio.Controllers.CareersController
Action : GetCareers
Action Parameters : {"messageFormat":"JSON","messageArguments":[{"state":0,"page":1,"top":9999999,"orderby":"idcareers","ascending":"asc","name":""}]}

2021-08-14 18:12:41.7913|INFO|Servicio.Helpers.NLogger|JSON
Method: GET
URL: http://localhost:8105/api/Careers
Controller : Servicio.Controllers.CareersController
Action : GetCareers
Action Parameters : {"messageFormat":"JSON","messageArguments":[{"state":0,"page":1,"top":9999999,"orderby":"idcareers","ascending":"asc","name":""}]}

2021-08-14 18:12:41.9911|INFO|Servicio.Helpers.NLogger|JSON
Method: GET
URL: http://localhost:8105/api/Careers
Controller : Servicio.Controllers.CareersController
Action : GetCareers
Action Parameters : {"messageFormat":"JSON","messageArguments":[{"state":0,"page":1,"top":9999999,"orderby":"idcareers","ascending":"asc","name":""}]}

2021-08-14 18:12:42.1647|INFO|Servicio.Helpers.NLogger|JSON
Method: GET
URL: http://localhost:8105/api/Careers
Controller : Servicio.Controllers.CareersController
Action : GetCareers
Action Parameters : {"messageFormat":"JSON","messageArguments":[{"state":0,"page":1,"top":9999999,"orderby":"idcareers","ascending":"asc","name":""}]}

2021-08-14 18:12:42.3447|INFO|Servicio.Helpers.NLogger|JSON
Method: GET
URL: http://localhost:8105/api/Careers
Controller : Servicio.Controllers.CareersController
Action : GetCareers
Action Parameters : {"messageFormat":"JSON","messageArguments":[{"state":0,"page":1,"top":9999999,"orderby":"idcareers","ascending":"asc","name":""}]}

2021-08-14 18:12:42.5237|INFO|Servicio.Helpers.NLogger|JSON
Method: GET
URL: http://localhost:8105/api/Careers
Controller : Servicio.Controllers.CareersController
Action : GetCareers
Action Parameters : {"messageFormat":"JSON","messageArguments":[{"state":0,"page":1,"top":9999999,"orderby":"idcareers","ascending":"asc","name":""}]}

2021-08-14 18:12:42.7077|INFO|Servicio.Helpers.NLogger|JSON
Method: GET
URL: http://localhost:8105/api/Careers
Controller : Servicio.Controllers.CareersController
Action : GetCareers
Action Parameters : {"messageFormat":"JSON","messageArguments":[{"state":0,"page":1,"top":9999999,"orderby":"idcareers","ascending":"asc","name":""}]}

2021-08-14 18:12:42.9047|INFO|Servicio.Helpers.NLogger|JSON
Method: GET
URL: http://localhost:8105/api/Careers
Controller : Servicio.Controllers.CareersController
Action : GetCareers
Action Parameters : {"messageFormat":"JSON","messageArguments":[{"state":0,"page":1,"top":9999999,"orderby":"idcareers","ascending":"asc","name":""}]}

2021-08-14 18:12:43.0937|INFO|Servicio.Helpers.NLogger|JSON
Method: GET
URL: http://localhost:8105/api/Careers
Controller : Servicio.Controllers.CareersController
Action : GetCareers
Action Parameters : {"messageFormat":"JSON","messageArguments":[{"state":0,"page":1,"top":9999999,"orderby":"idcareers","ascending":"asc","name":""}]}

2021-08-14 18:12:43.2827|INFO|Servicio.Helpers.NLogger|JSON
Method: GET
URL: http://localhost:8105/api/Careers
Controller : Servicio.Controllers.CareersController
Action : GetCareers
Action Parameters : {"messageFormat":"JSON","messageArguments":[{"state":0,"page":1,"top":9999999,"orderby":"idcareers","ascending":"asc","name":""}]}

2021-08-14 18:12:43.5712|INFO|Servicio.Helpers.NLogger|JSON
Method: GET
URL: http://localhost:8105/api/Careers
Controller : Servicio.Controllers.CareersController
Action : GetCareers
Action Parameters : {"messageFormat":"JSON","messageArguments":[{"state":0,"page":1,"top":9999999,"orderby":"idcareers","ascending":"asc","name":""}]}

2021-08-14 18:12:45.2658|INFO|Servicio.Helpers.NLogger|JSON
Method: GET
URL: http://localhost:8105/api/Careers
Controller : Servicio.Controllers.CareersController
Action : GetCareers
Action Parameters : {"messageFormat":"JSON","messageArguments":[{"state":0,"page":1,"top":9999999,"orderby":"idcareers","ascending":"asc","name":""}]}

2021-08-14 18:13:27.1190|INFO|Servicio.Helpers.NLogger|JSON
Method: GET
URL: http://localhost:8105/api/Careers
Controller : Servicio.Controllers.CareersController
Action : GetCareers
Action Parameters : {"messageFormat":"JSON","messageArguments":[{"state":0,"page":1,"top":9999999,"orderby":"idcareers","ascending":"asc","name":""}]}

2021-08-14 18:13:31.8319|INFO|Servicio.Helpers.NLogger|JSON
Method: GET
URL: http://localhost:8105/api/Careers
Controller : Servicio.Controllers.CareersController
Action : GetCareers
Action Parameters : {"messageFormat":"JSON","messageArguments":[{"state":0,"page":1,"top":9999999,"orderby":"idcareers","ascending":"asc","name":""}]}

