2021-08-26 15:33:51.0735|INFO|Servicio.Helpers.NLogger|JSON
Method: GET
URL: http://localhost:8105/api/Cycles
Controller : Servicio.Controllers.CyclesController
Action : GetCycles
Action Parameters : {"messageFormat":"JSON","messageArguments":[{"state":0,"page":1,"top":5,"orderby":"idcycle","ascending":"asc","name":""}]}

2021-08-26 16:02:43.8222|INFO|Servicio.Helpers.NLogger|JSON
Method: GET
URL: http://localhost:8105/api/Careers
Controller : Servicio.Controllers.CareersController
Action : GetCareers
Action Parameters : {"messageFormat":"JSON","messageArguments":[{"state":0,"page":1,"top":9999999,"orderby":"idcareers","ascending":"asc","name":""}]}

2021-08-26 16:02:59.3715|INFO|Servicio.Helpers.NLogger|JSON
Method: GET
URL: http://localhost:8105/api/Careers
Controller : Servicio.Controllers.CareersController
Action : GetCareers
Action Parameters : {"messageFormat":"JSON","messageArguments":[{"state":0,"page":1,"top":9999999,"orderby":"idcareers","ascending":"asc","name":""}]}

2021-08-26 16:27:36.0365|INFO|Servicio.Helpers.NLogger|JSON
Method: GET
URL: http://localhost:8105/api/Careers
Controller : Servicio.Controllers.CareersController
Action : GetCareers
Action Parameters : {"messageFormat":"JSON","messageArguments":[{"state":0,"page":1,"top":9999999,"orderby":"idcareers","ascending":"asc","name":""}]}

2021-08-26 17:37:24.7781|INFO|Servicio.Helpers.NLogger|JSON
Method: GET
URL: http://localhost:8105/api/Careers
Controller : Servicio.Controllers.CareersController
Action : GetCareers
Action Parameters : {"messageFormat":"JSON","messageArguments":[{"state":0,"page":1,"top":9999999,"orderby":"idcareers","ascending":"asc","name":""}]}

2021-08-26 17:40:08.2041|INFO|Servicio.Helpers.NLogger|JSON
Method: GET
URL: http://localhost:8105/api/Careers
Controller : Servicio.Controllers.CareersController
Action : GetCareers
Action Parameters : {"messageFormat":"JSON","messageArguments":[{"state":0,"page":1,"top":9999999,"orderby":"idcareers","ascending":"asc","name":""}]}

2021-08-26 17:40:55.9414|INFO|Servicio.Helpers.NLogger|JSON
Method: GET
URL: http://localhost:8105/api/Careers
Controller : Servicio.Controllers.CareersController
Action : GetCareers
Action Parameters : {"messageFormat":"JSON","messageArguments":[{"state":0,"page":1,"top":9999999,"orderby":"idcareers","ascending":"asc","name":""}]}

2021-08-26 17:56:48.6045|INFO|Servicio.Helpers.NLogger|JSON
Method: GET
URL: http://localhost:8105/api/Careers
Controller : Servicio.Controllers.CareersController
Action : GetCareers
Action Parameters : {"messageFormat":"JSON","messageArguments":[{"state":0,"page":1,"top":9999999,"orderby":"idcareers","ascending":"asc","name":""}]}

2021-08-26 18:04:40.1865|INFO|Servicio.Helpers.NLogger|JSON
Method: GET
URL: http://localhost:8105/api/Careers
Controller : Servicio.Controllers.CareersController
Action : GetCareers
Action Parameters : {"messageFormat":"JSON","messageArguments":[{"state":0,"page":1,"top":9999999,"orderby":"idcareers","ascending":"asc","name":""}]}

2021-08-26 18:06:14.6460|INFO|Servicio.Helpers.NLogger|JSON
Method: GET
URL: http://localhost:8105/api/Careers
Controller : Servicio.Controllers.CareersController
Action : GetCareers
Action Parameters : {"messageFormat":"JSON","messageArguments":[{"state":0,"page":1,"top":9999999,"orderby":"idcareers","ascending":"asc","name":""}]}

2021-08-26 18:06:28.4568|INFO|Servicio.Helpers.NLogger|JSON
Method: GET
URL: http://localhost:8105/api/Careers
Controller : Servicio.Controllers.CareersController
Action : GetCareers
Action Parameters : {"messageFormat":"JSON","messageArguments":[{"state":0,"page":1,"top":9999999,"orderby":"idcareers","ascending":"asc","name":""}]}

