2017-04-01 13:52:44.9716|INFO|PeatonalesRosario.Helpers.NLogger|JSON
Method: GET
URL: http://localhost:8089/api/books/
Controller : PeatonalesRosario.Controllers.BooksController
Action : GetBooks
Action Parameters : {"messageFormat":"JSON","messageArguments":[{}]}

2017-04-01 13:52:44.9716|INFO|PeatonalesRosario.Helpers.NLogger|JSON
Method: GET
URL: http://localhost:8089/api/authors/
Controller : PeatonalesRosario.Controllers.AuthorsController
Action : GetItems
Action Parameters : {"messageFormat":"JSON","messageArguments":[{"page":1,"top":5,"orderby":"Id","ascending":"asc"}]}

2017-04-01 13:54:42.8723|INFO|PeatonalesRosario.Helpers.NLogger|JSON
Method: GET
URL: http://localhost:8089/api/provinces?top=100
Controller : PeatonalesRosario.Controllers.ProvincesController
Action : GetProvinces
Action Parameters : {"messageFormat":"JSON","messageArguments":[{"page":1,"top":100,"orderby":"idprovince","ascending":"asc"}]}

2017-04-01 13:55:12.6850|INFO|PeatonalesRosario.Helpers.NLogger|JSON
Method: GET
URL: http://localhost:8089/api/provinces?top=100
Controller : PeatonalesRosario.Controllers.ProvincesController
Action : GetProvinces
Action Parameters : {"messageFormat":"JSON","messageArguments":[{"page":1,"top":100,"orderby":"idprovince","ascending":"asc"}]}

2017-04-01 13:59:00.1600|INFO|PeatonalesRosario.Helpers.NLogger|JSON
Method: GET
URL: http://localhost:8089/api/provinces?top=100
Controller : PeatonalesRosario.Controllers.ProvincesController
Action : GetProvinces
Action Parameters : {"messageFormat":"JSON","messageArguments":[{"page":1,"top":100,"orderby":"idprovince","ascending":"asc"}]}

2017-04-01 14:01:38.9171|INFO|PeatonalesRosario.Helpers.NLogger|JSON
Method: GET
URL: http://localhost:8089/api/provinces?top=100
Controller : PeatonalesRosario.Controllers.ProvincesController
Action : GetProvinces
Action Parameters : {"messageFormat":"JSON","messageArguments":[{"page":1,"top":100,"orderby":"idprovince","ascending":"asc"}]}

2017-04-01 14:05:56.1098|INFO|PeatonalesRosario.Helpers.NLogger|JSON
Method: GET
URL: http://localhost:8089/api/provinces?top=100
Controller : PeatonalesRosario.Controllers.ProvincesController
Action : GetProvinces
Action Parameters : {"messageFormat":"JSON","messageArguments":[{"page":1,"top":100,"orderby":"idprovince","ascending":"asc"}]}

2017-04-01 14:25:15.4051|INFO|PeatonalesRosario.Helpers.NLogger|JSON
Method: GET
URL: http://localhost:8089/api/provinces?top=100
Controller : PeatonalesRosario.Controllers.ProvincesController
Action : GetProvinces
Action Parameters : {"messageFormat":"JSON","messageArguments":[{"page":1,"top":100,"orderby":"idprovince","ascending":"asc"}]}

2017-04-01 14:40:09.4632|INFO|PeatonalesRosario.Helpers.NLogger|JSON
Method: GET
URL: http://localhost:8089/api/provinces?top=100
Controller : PeatonalesRosario.Controllers.ProvincesController
Action : GetProvinces
Action Parameters : {"messageFormat":"JSON","messageArguments":[{"page":1,"top":100,"orderby":"idprovince","ascending":"asc"}]}

2017-04-01 14:43:33.7299|INFO|PeatonalesRosario.Helpers.NLogger|JSON
Method: GET
URL: http://localhost:8089/api/provinces?top=100
Controller : PeatonalesRosario.Controllers.ProvincesController
Action : GetProvinces
Action Parameters : {"messageFormat":"JSON","messageArguments":[{"page":1,"top":100,"orderby":"idprovince","ascending":"asc"}]}

2017-04-01 14:45:49.3017|INFO|PeatonalesRosario.Helpers.NLogger|JSON
Method: GET
URL: http://localhost:8089/api/provinces?top=100
Controller : PeatonalesRosario.Controllers.ProvincesController
Action : GetProvinces
Action Parameters : {"messageFormat":"JSON","messageArguments":[{"page":1,"top":100,"orderby":"idprovince","ascending":"asc"}]}

2017-04-01 14:46:39.0075|INFO|PeatonalesRosario.Helpers.NLogger|JSON
Method: GET
URL: http://localhost:8089/api/provinces?top=100
Controller : PeatonalesRosario.Controllers.ProvincesController
Action : GetProvinces
Action Parameters : {"messageFormat":"JSON","messageArguments":[{"page":1,"top":100,"orderby":"idprovince","ascending":"asc"}]}

2017-04-01 14:48:36.9243|INFO|PeatonalesRosario.Helpers.NLogger|JSON
Method: GET
URL: http://localhost:8089/api/provinces?top=100
Controller : PeatonalesRosario.Controllers.ProvincesController
Action : GetProvinces
Action Parameters : {"messageFormat":"JSON","messageArguments":[{"page":1,"top":100,"orderby":"idprovince","ascending":"asc"}]}

2017-04-01 14:49:44.9522|INFO|PeatonalesRosario.Helpers.NLogger|JSON
Method: GET
URL: http://localhost:8089/api/provinces?top=100
Controller : PeatonalesRosario.Controllers.ProvincesController
Action : GetProvinces
Action Parameters : {"messageFormat":"JSON","messageArguments":[{"page":1,"top":100,"orderby":"idprovince","ascending":"asc"}]}

2017-04-01 14:49:52.9036|INFO|PeatonalesRosario.Helpers.NLogger|JSON
Method: GET
URL: http://localhost:8089/api/provinces?top=100
Controller : PeatonalesRosario.Controllers.ProvincesController
Action : GetProvinces
Action Parameters : {"messageFormat":"JSON","messageArguments":[{"page":1,"top":100,"orderby":"idprovince","ascending":"asc"}]}

2017-04-01 14:50:15.5829|INFO|PeatonalesRosario.Helpers.NLogger|JSON
Method: GET
URL: http://localhost:8089/api/provinces?top=100
Controller : PeatonalesRosario.Controllers.ProvincesController
Action : GetProvinces
Action Parameters : {"messageFormat":"JSON","messageArguments":[{"page":1,"top":100,"orderby":"idprovince","ascending":"asc"}]}

2017-04-01 14:56:46.2553|INFO|PeatonalesRosario.Helpers.NLogger|JSON
Method: GET
URL: http://localhost:8089/api/provinces?top=100
Controller : PeatonalesRosario.Controllers.ProvincesController
Action : GetProvinces
Action Parameters : {"messageFormat":"JSON","messageArguments":[{"page":1,"top":100,"orderby":"idprovince","ascending":"asc"}]}

2017-04-01 14:59:25.4244|INFO|PeatonalesRosario.Helpers.NLogger|JSON
Method: GET
URL: http://localhost:8089/api/provinces?top=100
Controller : PeatonalesRosario.Controllers.ProvincesController
Action : GetProvinces
Action Parameters : {"messageFormat":"JSON","messageArguments":[{"page":1,"top":100,"orderby":"idprovince","ascending":"asc"}]}

2017-04-01 14:59:39.6272|INFO|PeatonalesRosario.Helpers.NLogger|JSON
Method: GET
URL: http://localhost:8089/api/provinces?top=100
Controller : PeatonalesRosario.Controllers.ProvincesController
Action : GetProvinces
Action Parameters : {"messageFormat":"JSON","messageArguments":[{"page":1,"top":100,"orderby":"idprovince","ascending":"asc"}]}

2017-04-01 15:01:02.5889|INFO|PeatonalesRosario.Helpers.NLogger|JSON
Method: GET
URL: http://localhost:8089/api/provinces?top=100
Controller : PeatonalesRosario.Controllers.ProvincesController
Action : GetProvinces
Action Parameters : {"messageFormat":"JSON","messageArguments":[{"page":1,"top":100,"orderby":"idprovince","ascending":"asc"}]}

2017-04-01 15:03:22.4509|INFO|PeatonalesRosario.Helpers.NLogger|JSON
Method: GET
URL: http://localhost:8089/api/provinces?top=100
Controller : PeatonalesRosario.Controllers.ProvincesController
Action : GetProvinces
Action Parameters : {"messageFormat":"JSON","messageArguments":[{"page":1,"top":100,"orderby":"idprovince","ascending":"asc"}]}

2017-04-01 15:03:29.7463|INFO|PeatonalesRosario.Helpers.NLogger|JSON
Method: GET
URL: http://localhost:8089/api/provinces?top=100
Controller : PeatonalesRosario.Controllers.ProvincesController
Action : GetProvinces
Action Parameters : {"messageFormat":"JSON","messageArguments":[{"page":1,"top":100,"orderby":"idprovince","ascending":"asc"}]}

2017-04-01 15:03:56.1909|INFO|PeatonalesRosario.Helpers.NLogger|JSON
Method: GET
URL: http://localhost:8089/api/provinces?top=100
Controller : PeatonalesRosario.Controllers.ProvincesController
Action : GetProvinces
Action Parameters : {"messageFormat":"JSON","messageArguments":[{"page":1,"top":100,"orderby":"idprovince","ascending":"asc"}]}

2017-04-01 15:05:08.8800|INFO|PeatonalesRosario.Helpers.NLogger|JSON
Method: GET
URL: http://localhost:8089/api/provinces?top=100
Controller : PeatonalesRosario.Controllers.ProvincesController
Action : GetProvinces
Action Parameters : {"messageFormat":"JSON","messageArguments":[{"page":1,"top":100,"orderby":"idprovince","ascending":"asc"}]}

2017-04-01 15:06:14.1297|INFO|PeatonalesRosario.Helpers.NLogger|JSON
Method: GET
URL: http://localhost:8089/api/provinces?top=100
Controller : PeatonalesRosario.Controllers.ProvincesController
Action : GetProvinces
Action Parameters : {"messageFormat":"JSON","messageArguments":[{"page":1,"top":100,"orderby":"idprovince","ascending":"asc"}]}

2017-04-01 15:08:23.8772|INFO|PeatonalesRosario.Helpers.NLogger|JSON
Method: GET
URL: http://localhost:8089/api/provinces?top=100
Controller : PeatonalesRosario.Controllers.ProvincesController
Action : GetProvinces
Action Parameters : {"messageFormat":"JSON","messageArguments":[{"page":1,"top":100,"orderby":"idprovince","ascending":"asc"}]}

2017-04-01 15:08:36.0319|INFO|PeatonalesRosario.Helpers.NLogger|JSON
Method: GET
URL: http://localhost:8089/api/provinces?top=100
Controller : PeatonalesRosario.Controllers.ProvincesController
Action : GetProvinces
Action Parameters : {"messageFormat":"JSON","messageArguments":[{"page":1,"top":100,"orderby":"idprovince","ascending":"asc"}]}

2017-04-01 15:09:12.6220|INFO|PeatonalesRosario.Helpers.NLogger|JSON
Method: GET
URL: http://localhost:8089/api/provinces?top=100
Controller : PeatonalesRosario.Controllers.ProvincesController
Action : GetProvinces
Action Parameters : {"messageFormat":"JSON","messageArguments":[{"page":1,"top":100,"orderby":"idprovince","ascending":"asc"}]}

2017-04-01 15:09:57.3095|INFO|PeatonalesRosario.Helpers.NLogger|JSON
Method: GET
URL: http://localhost:8089/api/provinces?top=100
Controller : PeatonalesRosario.Controllers.ProvincesController
Action : GetProvinces
Action Parameters : {"messageFormat":"JSON","messageArguments":[{"page":1,"top":100,"orderby":"idprovince","ascending":"asc"}]}

2017-04-01 15:11:08.8326|INFO|PeatonalesRosario.Helpers.NLogger|JSON
Method: GET
URL: http://localhost:8089/api/provinces?top=100
Controller : PeatonalesRosario.Controllers.ProvincesController
Action : GetProvinces
Action Parameters : {"messageFormat":"JSON","messageArguments":[{"page":1,"top":100,"orderby":"idprovince","ascending":"asc"}]}

2017-04-01 15:11:32.8010|INFO|PeatonalesRosario.Helpers.NLogger|JSON
Method: GET
URL: http://localhost:8089/api/provinces?top=100
Controller : PeatonalesRosario.Controllers.ProvincesController
Action : GetProvinces
Action Parameters : {"messageFormat":"JSON","messageArguments":[{"page":1,"top":100,"orderby":"idprovince","ascending":"asc"}]}

2017-04-01 15:11:47.3798|INFO|PeatonalesRosario.Helpers.NLogger|JSON
Method: GET
URL: http://localhost:8089/api/provinces?top=100
Controller : PeatonalesRosario.Controllers.ProvincesController
Action : GetProvinces
Action Parameters : {"messageFormat":"JSON","messageArguments":[{"page":1,"top":100,"orderby":"idprovince","ascending":"asc"}]}

2017-04-01 15:12:27.6691|INFO|PeatonalesRosario.Helpers.NLogger|JSON
Method: GET
URL: http://localhost:8089/api/provinces?top=100
Controller : PeatonalesRosario.Controllers.ProvincesController
Action : GetProvinces
Action Parameters : {"messageFormat":"JSON","messageArguments":[{"page":1,"top":100,"orderby":"idprovince","ascending":"asc"}]}

2017-04-01 15:13:12.9907|INFO|PeatonalesRosario.Helpers.NLogger|JSON
Method: GET
URL: http://localhost:8089/api/provinces?top=100
Controller : PeatonalesRosario.Controllers.ProvincesController
Action : GetProvinces
Action Parameters : {"messageFormat":"JSON","messageArguments":[{"page":1,"top":100,"orderby":"idprovince","ascending":"asc"}]}

2017-04-01 15:15:03.7350|INFO|PeatonalesRosario.Helpers.NLogger|JSON
Method: GET
URL: http://localhost:8089/api/provinces?top=100
Controller : PeatonalesRosario.Controllers.ProvincesController
Action : GetProvinces
Action Parameters : {"messageFormat":"JSON","messageArguments":[{"page":1,"top":100,"orderby":"idprovince","ascending":"asc"}]}

2017-04-01 15:16:15.2941|INFO|PeatonalesRosario.Helpers.NLogger|JSON
Method: GET
URL: http://localhost:8089/api/provinces?top=100
Controller : PeatonalesRosario.Controllers.ProvincesController
Action : GetProvinces
Action Parameters : {"messageFormat":"JSON","messageArguments":[{"page":1,"top":100,"orderby":"idprovince","ascending":"asc"}]}

2017-04-01 15:18:31.6199|INFO|PeatonalesRosario.Helpers.NLogger|JSON
Method: GET
URL: http://localhost:8089/api/provinces?top=100
Controller : PeatonalesRosario.Controllers.ProvincesController
Action : GetProvinces
Action Parameters : {"messageFormat":"JSON","messageArguments":[{"page":1,"top":100,"orderby":"idprovince","ascending":"asc"}]}

2017-04-01 15:18:48.2009|INFO|PeatonalesRosario.Helpers.NLogger|JSON
Method: GET
URL: http://localhost:8089/api/provinces?top=100
Controller : PeatonalesRosario.Controllers.ProvincesController
Action : GetProvinces
Action Parameters : {"messageFormat":"JSON","messageArguments":[{"page":1,"top":100,"orderby":"idprovince","ascending":"asc"}]}

2017-04-01 15:20:14.6778|INFO|PeatonalesRosario.Helpers.NLogger|JSON
Method: GET
URL: http://localhost:8089/api/provinces?top=100
Controller : PeatonalesRosario.Controllers.ProvincesController
Action : GetProvinces
Action Parameters : {"messageFormat":"JSON","messageArguments":[{"page":1,"top":100,"orderby":"idprovince","ascending":"asc"}]}

2017-04-01 15:20:42.2724|INFO|PeatonalesRosario.Helpers.NLogger|JSON
Method: GET
URL: http://localhost:8089/api/provinces?top=100
Controller : PeatonalesRosario.Controllers.ProvincesController
Action : GetProvinces
Action Parameters : {"messageFormat":"JSON","messageArguments":[{"page":1,"top":100,"orderby":"idprovince","ascending":"asc"}]}

2017-04-01 15:21:49.1962|INFO|PeatonalesRosario.Helpers.NLogger|JSON
Method: GET
URL: http://localhost:8089/api/provinces?top=100
Controller : PeatonalesRosario.Controllers.ProvincesController
Action : GetProvinces
Action Parameters : {"messageFormat":"JSON","messageArguments":[{"page":1,"top":100,"orderby":"idprovince","ascending":"asc"}]}

2017-04-01 15:22:45.2954|INFO|PeatonalesRosario.Helpers.NLogger|JSON
Method: GET
URL: http://localhost:8089/api/provinces?top=100
Controller : PeatonalesRosario.Controllers.ProvincesController
Action : GetProvinces
Action Parameters : {"messageFormat":"JSON","messageArguments":[{"page":1,"top":100,"orderby":"idprovince","ascending":"asc"}]}

2017-04-01 15:23:24.6267|INFO|PeatonalesRosario.Helpers.NLogger|JSON
Method: GET
URL: http://localhost:8089/api/provinces?top=100
Controller : PeatonalesRosario.Controllers.ProvincesController
Action : GetProvinces
Action Parameters : {"messageFormat":"JSON","messageArguments":[{"page":1,"top":100,"orderby":"idprovince","ascending":"asc"}]}

2017-04-01 15:26:28.6352|INFO|PeatonalesRosario.Helpers.NLogger|JSON
Method: GET
URL: http://localhost:8089/api/provinces?top=100
Controller : PeatonalesRosario.Controllers.ProvincesController
Action : GetProvinces
Action Parameters : {"messageFormat":"JSON","messageArguments":[{"page":1,"top":100,"orderby":"idprovince","ascending":"asc"}]}

2017-04-01 15:28:37.8566|INFO|PeatonalesRosario.Helpers.NLogger|JSON
Method: GET
URL: http://localhost:8089/api/provinces?top=100
Controller : PeatonalesRosario.Controllers.ProvincesController
Action : GetProvinces
Action Parameters : {"messageFormat":"JSON","messageArguments":[{"page":1,"top":100,"orderby":"idprovince","ascending":"asc"}]}

2017-04-01 15:32:20.5423|INFO|PeatonalesRosario.Helpers.NLogger|JSON
Method: GET
URL: http://localhost:8089/api/books/
Controller : PeatonalesRosario.Controllers.BooksController
Action : GetBooks
Action Parameters : {"messageFormat":"JSON","messageArguments":[{}]}

2017-04-01 15:32:20.5483|INFO|PeatonalesRosario.Helpers.NLogger|JSON
Method: GET
URL: http://localhost:8089/api/authors/
Controller : PeatonalesRosario.Controllers.AuthorsController
Action : GetItems
Action Parameters : {"messageFormat":"JSON","messageArguments":[{"page":1,"top":5,"orderby":"Id","ascending":"asc"}]}

2017-04-01 15:35:04.0647|INFO|PeatonalesRosario.Helpers.NLogger|JSON
Method: GET
URL: http://localhost:8089/api/books/
Controller : PeatonalesRosario.Controllers.BooksController
Action : GetBooks
Action Parameters : {"messageFormat":"JSON","messageArguments":[{}]}

2017-04-01 15:35:04.0647|INFO|PeatonalesRosario.Helpers.NLogger|JSON
Method: GET
URL: http://localhost:8089/api/authors/
Controller : PeatonalesRosario.Controllers.AuthorsController
Action : GetItems
Action Parameters : {"messageFormat":"JSON","messageArguments":[{"page":1,"top":5,"orderby":"Id","ascending":"asc"}]}

2017-04-01 15:36:35.1859|ERROR|PeatonalesRosario.Helpers.NLogger|Resolver.Exceptions.ApiDataException: Exception of type 'Resolver.Exceptions.ApiDataException' was thrown.
   at PeatonalesRosario.Controllers.AccountsController.<CreateBusiness>d__10.MoveNext() in D:\PeatonUp\Peatonales\PeatonalesRosario\PeatonalesRosario\Controllers\Security\AccountController.cs:line 533
--- End of stack trace from previous location where exception was thrown ---
   at System.Runtime.CompilerServices.TaskAwaiter.ThrowForNonSuccess(Task task)
   at System.Runtime.CompilerServices.TaskAwaiter.HandleNonSuccessAndDebuggerNotification(Task task)
   at System.Threading.Tasks.TaskHelpersExtensions.<CastToObject>d__3`1.MoveNext()
--- End of stack trace from previous location where exception was thrown ---
   at System.Runtime.CompilerServices.TaskAwaiter.ThrowForNonSuccess(Task task)
   at System.Runtime.CompilerServices.TaskAwaiter.HandleNonSuccessAndDebuggerNotification(Task task)
   at System.Web.Http.Controllers.ApiControllerActionInvoker.<InvokeActionAsyncCore>d__0.MoveNext()
--- End of stack trace from previous location where exception was thrown ---
   at System.Runtime.CompilerServices.TaskAwaiter.ThrowForNonSuccess(Task task)
   at System.Runtime.CompilerServices.TaskAwaiter.HandleNonSuccessAndDebuggerNotification(Task task)
   at System.Web.Http.Controllers.ActionFilterResult.<ExecuteAsync>d__2.MoveNext()
--- End of stack trace from previous location where exception was thrown ---
   at System.Runtime.CompilerServices.TaskAwaiter.ThrowForNonSuccess(Task task)
   at System.Runtime.CompilerServices.TaskAwaiter.HandleNonSuccessAndDebuggerNotification(Task task)
   at System.Web.Http.Controllers.ExceptionFilterResult.<ExecuteAsync>d__0.MoveNext()
Status Code: BadRequest
Internal Code: 10
ReasonPhrase: BadRequest
Message: Si ha querido crear un usuario jugador, debe completar todos sus campos
Method: POST
URL: http://localhost:8089/api/accounts/createbusiness
Controller : PeatonalesRosario.Controllers.AccountsController
Action : CreateBusiness
Action Parameters : {"messageFormat":"Resolver.Exceptions.ApiDataException: Exception of type 'Resolver.Exceptions.ApiDataException' was thrown.\r\n   at PeatonalesRosario.Controllers.AccountsController.<CreateBusiness>d__10.MoveNext() in D:\\PeatonUp\\Peatonales\\PeatonalesRosario\\PeatonalesRosario\\Controllers\\Security\\AccountController.cs:line 533\r\n--- End of stack trace from previous location where exception was thrown ---\r\n   at System.Runtime.CompilerServices.TaskAwaiter.ThrowForNonSuccess(Task task)\r\n   at System.Runtime.CompilerServices.TaskAwaiter.HandleNonSuccessAndDebuggerNotification(Task task)\r\n   at System.Threading.Tasks.TaskHelpersExtensions.<CastToObject>d__3`1.MoveNext()\r\n--- End of stack trace from previous location where exception was thrown ---\r\n   at System.Runtime.CompilerServices.TaskAwaiter.ThrowForNonSuccess(Task task)\r\n   at System.Runtime.CompilerServices.TaskAwaiter.HandleNonSuccessAndDebuggerNotification(Task task)\r\n   at System.Web.Http.Controllers.ApiControllerActionInvoker.<InvokeActionAsyncCore>d__0.MoveNext()\r\n--- End of stack trace from previous location where exception was thrown ---\r\n   at System.Runtime.CompilerServices.TaskAwaiter.ThrowForNonSuccess(Task task)\r\n   at System.Runtime.CompilerServices.TaskAwaiter.HandleNonSuccessAndDebuggerNotification(Task task)\r\n   at System.Web.Http.Controllers.ActionFilterResult.<ExecuteAsync>d__2.MoveNext()\r\n--- End of stack trace from previous location where exception was thrown ---\r\n   at System.Runtime.CompilerServices.TaskAwaiter.ThrowForNonSuccess(Task task)\r\n   at System.Runtime.CompilerServices.TaskAwaiter.HandleNonSuccessAndDebuggerNotification(Task task)\r\n   at System.Web.Http.Controllers.ExceptionFilterResult.<ExecuteAsync>d__0.MoveNext()\r\nStatus Code: BadRequest\r\nInternal Code: 10\r\nReasonPhrase: BadRequest\r\nMessage: Si ha querido crear un usuario jugador, debe completar todos sus campos","messageArguments":[]}

2017-04-01 15:36:46.4955|INFO|PeatonalesRosario.Helpers.NLogger|JSON
Method: GET
URL: http://localhost:8089/api/provinces?top=100
Controller : PeatonalesRosario.Controllers.ProvincesController
Action : GetProvinces
Action Parameters : {"messageFormat":"JSON","messageArguments":[{"page":1,"top":100,"orderby":"idprovince","ascending":"asc"}]}

2017-04-01 15:38:47.9405|ERROR|PeatonalesRosario.Helpers.NLogger|Resolver.Exceptions.ApiDataException: Exception of type 'Resolver.Exceptions.ApiDataException' was thrown.
   at PeatonalesRosario.Controllers.AccountsController.<CreateBusiness>d__10.MoveNext() in D:\PeatonUp\Peatonales\PeatonalesRosario\PeatonalesRosario\Controllers\Security\AccountController.cs:line 533
--- End of stack trace from previous location where exception was thrown ---
   at System.Runtime.CompilerServices.TaskAwaiter.ThrowForNonSuccess(Task task)
   at System.Runtime.CompilerServices.TaskAwaiter.HandleNonSuccessAndDebuggerNotification(Task task)
   at System.Threading.Tasks.TaskHelpersExtensions.<CastToObject>d__3`1.MoveNext()
--- End of stack trace from previous location where exception was thrown ---
   at System.Runtime.CompilerServices.TaskAwaiter.ThrowForNonSuccess(Task task)
   at System.Runtime.CompilerServices.TaskAwaiter.HandleNonSuccessAndDebuggerNotification(Task task)
   at System.Web.Http.Controllers.ApiControllerActionInvoker.<InvokeActionAsyncCore>d__0.MoveNext()
--- End of stack trace from previous location where exception was thrown ---
   at System.Runtime.CompilerServices.TaskAwaiter.ThrowForNonSuccess(Task task)
   at System.Runtime.CompilerServices.TaskAwaiter.HandleNonSuccessAndDebuggerNotification(Task task)
   at System.Web.Http.Controllers.ActionFilterResult.<ExecuteAsync>d__2.MoveNext()
--- End of stack trace from previous location where exception was thrown ---
   at System.Runtime.CompilerServices.TaskAwaiter.ThrowForNonSuccess(Task task)
   at System.Runtime.CompilerServices.TaskAwaiter.HandleNonSuccessAndDebuggerNotification(Task task)
   at System.Web.Http.Controllers.ExceptionFilterResult.<ExecuteAsync>d__0.MoveNext()
Status Code: BadRequest
Internal Code: 10
ReasonPhrase: BadRequest
Message: Si ha querido crear un usuario jugador, debe completar todos sus campos
Method: POST
URL: http://localhost:8089/api/accounts/createbusiness
Controller : PeatonalesRosario.Controllers.AccountsController
Action : CreateBusiness
Action Parameters : {"messageFormat":"Resolver.Exceptions.ApiDataException: Exception of type 'Resolver.Exceptions.ApiDataException' was thrown.\r\n   at PeatonalesRosario.Controllers.AccountsController.<CreateBusiness>d__10.MoveNext() in D:\\PeatonUp\\Peatonales\\PeatonalesRosario\\PeatonalesRosario\\Controllers\\Security\\AccountController.cs:line 533\r\n--- End of stack trace from previous location where exception was thrown ---\r\n   at System.Runtime.CompilerServices.TaskAwaiter.ThrowForNonSuccess(Task task)\r\n   at System.Runtime.CompilerServices.TaskAwaiter.HandleNonSuccessAndDebuggerNotification(Task task)\r\n   at System.Threading.Tasks.TaskHelpersExtensions.<CastToObject>d__3`1.MoveNext()\r\n--- End of stack trace from previous location where exception was thrown ---\r\n   at System.Runtime.CompilerServices.TaskAwaiter.ThrowForNonSuccess(Task task)\r\n   at System.Runtime.CompilerServices.TaskAwaiter.HandleNonSuccessAndDebuggerNotification(Task task)\r\n   at System.Web.Http.Controllers.ApiControllerActionInvoker.<InvokeActionAsyncCore>d__0.MoveNext()\r\n--- End of stack trace from previous location where exception was thrown ---\r\n   at System.Runtime.CompilerServices.TaskAwaiter.ThrowForNonSuccess(Task task)\r\n   at System.Runtime.CompilerServices.TaskAwaiter.HandleNonSuccessAndDebuggerNotification(Task task)\r\n   at System.Web.Http.Controllers.ActionFilterResult.<ExecuteAsync>d__2.MoveNext()\r\n--- End of stack trace from previous location where exception was thrown ---\r\n   at System.Runtime.CompilerServices.TaskAwaiter.ThrowForNonSuccess(Task task)\r\n   at System.Runtime.CompilerServices.TaskAwaiter.HandleNonSuccessAndDebuggerNotification(Task task)\r\n   at System.Web.Http.Controllers.ExceptionFilterResult.<ExecuteAsync>d__0.MoveNext()\r\nStatus Code: BadRequest\r\nInternal Code: 10\r\nReasonPhrase: BadRequest\r\nMessage: Si ha querido crear un usuario jugador, debe completar todos sus campos","messageArguments":[]}

2017-04-01 15:38:49.5166|INFO|PeatonalesRosario.Helpers.NLogger|JSON
Method: GET
URL: http://localhost:8089/api/provinces?top=100
Controller : PeatonalesRosario.Controllers.ProvincesController
Action : GetProvinces
Action Parameters : {"messageFormat":"JSON","messageArguments":[{"page":1,"top":100,"orderby":"idprovince","ascending":"asc"}]}

2017-04-01 15:41:34.0020|INFO|PeatonalesRosario.Helpers.NLogger|JSON
Method: GET
URL: http://localhost:8089/api/provinces?top=100
Controller : PeatonalesRosario.Controllers.ProvincesController
Action : GetProvinces
Action Parameters : {"messageFormat":"JSON","messageArguments":[{"page":1,"top":100,"orderby":"idprovince","ascending":"asc"}]}

2017-04-01 16:14:08.5358|INFO|PeatonalesRosario.Helpers.NLogger|JSON
Method: GET
URL: http://localhost:8089/api/books/
Controller : PeatonalesRosario.Controllers.BooksController
Action : GetBooks
Action Parameters : {"messageFormat":"JSON","messageArguments":[{}]}

2017-04-01 16:14:08.5498|INFO|PeatonalesRosario.Helpers.NLogger|JSON
Method: GET
URL: http://localhost:8089/api/authors/
Controller : PeatonalesRosario.Controllers.AuthorsController
Action : GetItems
Action Parameters : {"messageFormat":"JSON","messageArguments":[{"page":1,"top":5,"orderby":"Id","ascending":"asc"}]}

2017-04-01 16:21:13.8581|INFO|PeatonalesRosario.Helpers.NLogger|JSON
Method: GET
URL: http://localhost:8089/api/provinces?top=100
Controller : PeatonalesRosario.Controllers.ProvincesController
Action : GetProvinces
Action Parameters : {"messageFormat":"JSON","messageArguments":[{"page":1,"top":100,"orderby":"idprovince","ascending":"asc"}]}

2017-04-01 16:49:33.9354|INFO|PeatonalesRosario.Helpers.NLogger|JSON
Method: GET
URL: http://localhost:8089/api/provinces?top=100
Controller : PeatonalesRosario.Controllers.ProvincesController
Action : GetProvinces
Action Parameters : {"messageFormat":"JSON","messageArguments":[{"page":1,"top":100,"orderby":"idprovince","ascending":"asc"}]}

2017-04-01 16:49:41.9898|INFO|PeatonalesRosario.Helpers.NLogger|JSON
Method: GET
URL: http://localhost:8089/api/authors/
Controller : PeatonalesRosario.Controllers.AuthorsController
Action : GetItems
Action Parameters : {"messageFormat":"JSON","messageArguments":[{"page":1,"top":5,"orderby":"Id","ascending":"asc"}]}

2017-04-01 16:49:41.9898|INFO|PeatonalesRosario.Helpers.NLogger|JSON
Method: GET
URL: http://localhost:8089/api/books/
Controller : PeatonalesRosario.Controllers.BooksController
Action : GetBooks
Action Parameters : {"messageFormat":"JSON","messageArguments":[{}]}

2017-04-01 16:50:00.0308|INFO|PeatonalesRosario.Helpers.NLogger|JSON
Method: GET
URL: http://localhost:8089/api/provinces?top=100
Controller : PeatonalesRosario.Controllers.ProvincesController
Action : GetProvinces
Action Parameters : {"messageFormat":"JSON","messageArguments":[{"page":1,"top":100,"orderby":"idprovince","ascending":"asc"}]}

2017-04-01 16:54:58.2989|ERROR|PeatonalesRosario.Helpers.NLogger|Resolver.Exceptions.ApiDataException: Exception of type 'Resolver.Exceptions.ApiDataException' was thrown.
   at PeatonalesRosario.Controllers.AccountsController.<CreateBusiness>d__10.MoveNext() in D:\PeatonUp\Peatonales\PeatonalesRosario\PeatonalesRosario\Controllers\Security\AccountController.cs:line 546
--- End of stack trace from previous location where exception was thrown ---
   at System.Runtime.CompilerServices.TaskAwaiter.ThrowForNonSuccess(Task task)
   at System.Runtime.CompilerServices.TaskAwaiter.HandleNonSuccessAndDebuggerNotification(Task task)
   at System.Threading.Tasks.TaskHelpersExtensions.<CastToObject>d__3`1.MoveNext()
--- End of stack trace from previous location where exception was thrown ---
   at System.Runtime.CompilerServices.TaskAwaiter.ThrowForNonSuccess(Task task)
   at System.Runtime.CompilerServices.TaskAwaiter.HandleNonSuccessAndDebuggerNotification(Task task)
   at System.Web.Http.Controllers.ApiControllerActionInvoker.<InvokeActionAsyncCore>d__0.MoveNext()
--- End of stack trace from previous location where exception was thrown ---
   at System.Runtime.CompilerServices.TaskAwaiter.ThrowForNonSuccess(Task task)
   at System.Runtime.CompilerServices.TaskAwaiter.HandleNonSuccessAndDebuggerNotification(Task task)
   at System.Web.Http.Controllers.ActionFilterResult.<ExecuteAsync>d__2.MoveNext()
--- End of stack trace from previous location where exception was thrown ---
   at System.Runtime.CompilerServices.TaskAwaiter.ThrowForNonSuccess(Task task)
   at System.Runtime.CompilerServices.TaskAwaiter.HandleNonSuccessAndDebuggerNotification(Task task)
   at System.Web.Http.Controllers.ExceptionFilterResult.<ExecuteAsync>d__0.MoveNext()
Status Code: BadRequest
Internal Code: 13
ReasonPhrase: BadRequest
Message: El número de Cuit/Cuil/CDI es inválido
Method: POST
URL: http://localhost:8089/api/accounts/createbusiness
Controller : PeatonalesRosario.Controllers.AccountsController
Action : CreateBusiness
Action Parameters : {"messageFormat":"Resolver.Exceptions.ApiDataException: Exception of type 'Resolver.Exceptions.ApiDataException' was thrown.\r\n   at PeatonalesRosario.Controllers.AccountsController.<CreateBusiness>d__10.MoveNext() in D:\\PeatonUp\\Peatonales\\PeatonalesRosario\\PeatonalesRosario\\Controllers\\Security\\AccountController.cs:line 546\r\n--- End of stack trace from previous location where exception was thrown ---\r\n   at System.Runtime.CompilerServices.TaskAwaiter.ThrowForNonSuccess(Task task)\r\n   at System.Runtime.CompilerServices.TaskAwaiter.HandleNonSuccessAndDebuggerNotification(Task task)\r\n   at System.Threading.Tasks.TaskHelpersExtensions.<CastToObject>d__3`1.MoveNext()\r\n--- End of stack trace from previous location where exception was thrown ---\r\n   at System.Runtime.CompilerServices.TaskAwaiter.ThrowForNonSuccess(Task task)\r\n   at System.Runtime.CompilerServices.TaskAwaiter.HandleNonSuccessAndDebuggerNotification(Task task)\r\n   at System.Web.Http.Controllers.ApiControllerActionInvoker.<InvokeActionAsyncCore>d__0.MoveNext()\r\n--- End of stack trace from previous location where exception was thrown ---\r\n   at System.Runtime.CompilerServices.TaskAwaiter.ThrowForNonSuccess(Task task)\r\n   at System.Runtime.CompilerServices.TaskAwaiter.HandleNonSuccessAndDebuggerNotification(Task task)\r\n   at System.Web.Http.Controllers.ActionFilterResult.<ExecuteAsync>d__2.MoveNext()\r\n--- End of stack trace from previous location where exception was thrown ---\r\n   at System.Runtime.CompilerServices.TaskAwaiter.ThrowForNonSuccess(Task task)\r\n   at System.Runtime.CompilerServices.TaskAwaiter.HandleNonSuccessAndDebuggerNotification(Task task)\r\n   at System.Web.Http.Controllers.ExceptionFilterResult.<ExecuteAsync>d__0.MoveNext()\r\nStatus Code: BadRequest\r\nInternal Code: 13\r\nReasonPhrase: BadRequest\r\nMessage: El número de Cuit/Cuil/CDI es inválido","messageArguments":[]}

2017-04-01 16:55:24.3014|INFO|PeatonalesRosario.Helpers.NLogger|JSON
Method: GET
URL: http://localhost:8089/api/provinces?top=100
Controller : PeatonalesRosario.Controllers.ProvincesController
Action : GetProvinces
Action Parameters : {"messageFormat":"JSON","messageArguments":[{"page":1,"top":100,"orderby":"idprovince","ascending":"asc"}]}

2017-04-01 16:56:01.3755|ERROR|PeatonalesRosario.Helpers.NLogger|Resolver.Exceptions.ApiDataException: Exception of type 'Resolver.Exceptions.ApiDataException' was thrown.
   at PeatonalesRosario.Controllers.AccountsController.<CreateBusiness>d__10.MoveNext() in D:\PeatonUp\Peatonales\PeatonalesRosario\PeatonalesRosario\Controllers\Security\AccountController.cs:line 546
--- End of stack trace from previous location where exception was thrown ---
   at System.Runtime.CompilerServices.TaskAwaiter.ThrowForNonSuccess(Task task)
   at System.Runtime.CompilerServices.TaskAwaiter.HandleNonSuccessAndDebuggerNotification(Task task)
   at System.Threading.Tasks.TaskHelpersExtensions.<CastToObject>d__3`1.MoveNext()
--- End of stack trace from previous location where exception was thrown ---
   at System.Runtime.CompilerServices.TaskAwaiter.ThrowForNonSuccess(Task task)
   at System.Runtime.CompilerServices.TaskAwaiter.HandleNonSuccessAndDebuggerNotification(Task task)
   at System.Web.Http.Controllers.ApiControllerActionInvoker.<InvokeActionAsyncCore>d__0.MoveNext()
--- End of stack trace from previous location where exception was thrown ---
   at System.Runtime.CompilerServices.TaskAwaiter.ThrowForNonSuccess(Task task)
   at System.Runtime.CompilerServices.TaskAwaiter.HandleNonSuccessAndDebuggerNotification(Task task)
   at System.Web.Http.Controllers.ActionFilterResult.<ExecuteAsync>d__2.MoveNext()
--- End of stack trace from previous location where exception was thrown ---
   at System.Runtime.CompilerServices.TaskAwaiter.ThrowForNonSuccess(Task task)
   at System.Runtime.CompilerServices.TaskAwaiter.HandleNonSuccessAndDebuggerNotification(Task task)
   at System.Web.Http.Controllers.ExceptionFilterResult.<ExecuteAsync>d__0.MoveNext()
Status Code: BadRequest
Internal Code: 13
ReasonPhrase: BadRequest
Message: El número de Cuit/Cuil/CDI es inválido
Method: POST
URL: http://localhost:8089/api/accounts/createbusiness
Controller : PeatonalesRosario.Controllers.AccountsController
Action : CreateBusiness
Action Parameters : {"messageFormat":"Resolver.Exceptions.ApiDataException: Exception of type 'Resolver.Exceptions.ApiDataException' was thrown.\r\n   at PeatonalesRosario.Controllers.AccountsController.<CreateBusiness>d__10.MoveNext() in D:\\PeatonUp\\Peatonales\\PeatonalesRosario\\PeatonalesRosario\\Controllers\\Security\\AccountController.cs:line 546\r\n--- End of stack trace from previous location where exception was thrown ---\r\n   at System.Runtime.CompilerServices.TaskAwaiter.ThrowForNonSuccess(Task task)\r\n   at System.Runtime.CompilerServices.TaskAwaiter.HandleNonSuccessAndDebuggerNotification(Task task)\r\n   at System.Threading.Tasks.TaskHelpersExtensions.<CastToObject>d__3`1.MoveNext()\r\n--- End of stack trace from previous location where exception was thrown ---\r\n   at System.Runtime.CompilerServices.TaskAwaiter.ThrowForNonSuccess(Task task)\r\n   at System.Runtime.CompilerServices.TaskAwaiter.HandleNonSuccessAndDebuggerNotification(Task task)\r\n   at System.Web.Http.Controllers.ApiControllerActionInvoker.<InvokeActionAsyncCore>d__0.MoveNext()\r\n--- End of stack trace from previous location where exception was thrown ---\r\n   at System.Runtime.CompilerServices.TaskAwaiter.ThrowForNonSuccess(Task task)\r\n   at System.Runtime.CompilerServices.TaskAwaiter.HandleNonSuccessAndDebuggerNotification(Task task)\r\n   at System.Web.Http.Controllers.ActionFilterResult.<ExecuteAsync>d__2.MoveNext()\r\n--- End of stack trace from previous location where exception was thrown ---\r\n   at System.Runtime.CompilerServices.TaskAwaiter.ThrowForNonSuccess(Task task)\r\n   at System.Runtime.CompilerServices.TaskAwaiter.HandleNonSuccessAndDebuggerNotification(Task task)\r\n   at System.Web.Http.Controllers.ExceptionFilterResult.<ExecuteAsync>d__0.MoveNext()\r\nStatus Code: BadRequest\r\nInternal Code: 13\r\nReasonPhrase: BadRequest\r\nMessage: El número de Cuit/Cuil/CDI es inválido","messageArguments":[]}

2017-04-01 16:56:23.1548|INFO|PeatonalesRosario.Helpers.NLogger|JSON
Method: GET
URL: http://localhost:8089/api/provinces?top=100
Controller : PeatonalesRosario.Controllers.ProvincesController
Action : GetProvinces
Action Parameters : {"messageFormat":"JSON","messageArguments":[{"page":1,"top":100,"orderby":"idprovince","ascending":"asc"}]}

2017-04-01 16:57:29.6686|ERROR|PeatonalesRosario.Helpers.NLogger|Resolver.Exceptions.ApiDataException: Exception of type 'Resolver.Exceptions.ApiDataException' was thrown.
   at PeatonalesRosario.Controllers.AccountsController.<CreateBusiness>d__10.MoveNext() in D:\PeatonUp\Peatonales\PeatonalesRosario\PeatonalesRosario\Controllers\Security\AccountController.cs:line 546
--- End of stack trace from previous location where exception was thrown ---
   at System.Runtime.CompilerServices.TaskAwaiter.ThrowForNonSuccess(Task task)
   at System.Runtime.CompilerServices.TaskAwaiter.HandleNonSuccessAndDebuggerNotification(Task task)
   at System.Threading.Tasks.TaskHelpersExtensions.<CastToObject>d__3`1.MoveNext()
--- End of stack trace from previous location where exception was thrown ---
   at System.Runtime.CompilerServices.TaskAwaiter.ThrowForNonSuccess(Task task)
   at System.Runtime.CompilerServices.TaskAwaiter.HandleNonSuccessAndDebuggerNotification(Task task)
   at System.Web.Http.Controllers.ApiControllerActionInvoker.<InvokeActionAsyncCore>d__0.MoveNext()
--- End of stack trace from previous location where exception was thrown ---
   at System.Runtime.CompilerServices.TaskAwaiter.ThrowForNonSuccess(Task task)
   at System.Runtime.CompilerServices.TaskAwaiter.HandleNonSuccessAndDebuggerNotification(Task task)
   at System.Web.Http.Controllers.ActionFilterResult.<ExecuteAsync>d__2.MoveNext()
--- End of stack trace from previous location where exception was thrown ---
   at System.Runtime.CompilerServices.TaskAwaiter.ThrowForNonSuccess(Task task)
   at System.Runtime.CompilerServices.TaskAwaiter.HandleNonSuccessAndDebuggerNotification(Task task)
   at System.Web.Http.Controllers.ExceptionFilterResult.<ExecuteAsync>d__0.MoveNext()
Status Code: BadRequest
Internal Code: 13
ReasonPhrase: BadRequest
Message: El número de Cuit/Cuil/CDI es inválido
Method: POST
URL: http://localhost:8089/api/accounts/createbusiness
Controller : PeatonalesRosario.Controllers.AccountsController
Action : CreateBusiness
Action Parameters : {"messageFormat":"Resolver.Exceptions.ApiDataException: Exception of type 'Resolver.Exceptions.ApiDataException' was thrown.\r\n   at PeatonalesRosario.Controllers.AccountsController.<CreateBusiness>d__10.MoveNext() in D:\\PeatonUp\\Peatonales\\PeatonalesRosario\\PeatonalesRosario\\Controllers\\Security\\AccountController.cs:line 546\r\n--- End of stack trace from previous location where exception was thrown ---\r\n   at System.Runtime.CompilerServices.TaskAwaiter.ThrowForNonSuccess(Task task)\r\n   at System.Runtime.CompilerServices.TaskAwaiter.HandleNonSuccessAndDebuggerNotification(Task task)\r\n   at System.Threading.Tasks.TaskHelpersExtensions.<CastToObject>d__3`1.MoveNext()\r\n--- End of stack trace from previous location where exception was thrown ---\r\n   at System.Runtime.CompilerServices.TaskAwaiter.ThrowForNonSuccess(Task task)\r\n   at System.Runtime.CompilerServices.TaskAwaiter.HandleNonSuccessAndDebuggerNotification(Task task)\r\n   at System.Web.Http.Controllers.ApiControllerActionInvoker.<InvokeActionAsyncCore>d__0.MoveNext()\r\n--- End of stack trace from previous location where exception was thrown ---\r\n   at System.Runtime.CompilerServices.TaskAwaiter.ThrowForNonSuccess(Task task)\r\n   at System.Runtime.CompilerServices.TaskAwaiter.HandleNonSuccessAndDebuggerNotification(Task task)\r\n   at System.Web.Http.Controllers.ActionFilterResult.<ExecuteAsync>d__2.MoveNext()\r\n--- End of stack trace from previous location where exception was thrown ---\r\n   at System.Runtime.CompilerServices.TaskAwaiter.ThrowForNonSuccess(Task task)\r\n   at System.Runtime.CompilerServices.TaskAwaiter.HandleNonSuccessAndDebuggerNotification(Task task)\r\n   at System.Web.Http.Controllers.ExceptionFilterResult.<ExecuteAsync>d__0.MoveNext()\r\nStatus Code: BadRequest\r\nInternal Code: 13\r\nReasonPhrase: BadRequest\r\nMessage: El número de Cuit/Cuil/CDI es inválido","messageArguments":[]}

2017-04-01 16:57:32.3087|INFO|PeatonalesRosario.Helpers.NLogger|JSON
Method: GET
URL: http://localhost:8089/api/provinces?top=100
Controller : PeatonalesRosario.Controllers.ProvincesController
Action : GetProvinces
Action Parameters : {"messageFormat":"JSON","messageArguments":[{"page":1,"top":100,"orderby":"idprovince","ascending":"asc"}]}

2017-04-01 16:59:04.9530|ERROR|PeatonalesRosario.Helpers.NLogger|Resolver.Exceptions.ApiDataException: Exception of type 'Resolver.Exceptions.ApiDataException' was thrown.
   at PeatonalesRosario.Controllers.AccountsController.<CreateBusiness>d__10.MoveNext() in D:\PeatonUp\Peatonales\PeatonalesRosario\PeatonalesRosario\Controllers\Security\AccountController.cs:line 546
--- End of stack trace from previous location where exception was thrown ---
   at System.Runtime.CompilerServices.TaskAwaiter.ThrowForNonSuccess(Task task)
   at System.Runtime.CompilerServices.TaskAwaiter.HandleNonSuccessAndDebuggerNotification(Task task)
   at System.Threading.Tasks.TaskHelpersExtensions.<CastToObject>d__3`1.MoveNext()
--- End of stack trace from previous location where exception was thrown ---
   at System.Runtime.CompilerServices.TaskAwaiter.ThrowForNonSuccess(Task task)
   at System.Runtime.CompilerServices.TaskAwaiter.HandleNonSuccessAndDebuggerNotification(Task task)
   at System.Web.Http.Controllers.ApiControllerActionInvoker.<InvokeActionAsyncCore>d__0.MoveNext()
--- End of stack trace from previous location where exception was thrown ---
   at System.Runtime.CompilerServices.TaskAwaiter.ThrowForNonSuccess(Task task)
   at System.Runtime.CompilerServices.TaskAwaiter.HandleNonSuccessAndDebuggerNotification(Task task)
   at System.Web.Http.Controllers.ActionFilterResult.<ExecuteAsync>d__2.MoveNext()
--- End of stack trace from previous location where exception was thrown ---
   at System.Runtime.CompilerServices.TaskAwaiter.ThrowForNonSuccess(Task task)
   at System.Runtime.CompilerServices.TaskAwaiter.HandleNonSuccessAndDebuggerNotification(Task task)
   at System.Web.Http.Controllers.ExceptionFilterResult.<ExecuteAsync>d__0.MoveNext()
Status Code: BadRequest
Internal Code: 13
ReasonPhrase: BadRequest
Message: El número de Cuit/Cuil/CDI es inválido
Method: POST
URL: http://localhost:8089/api/accounts/createbusiness
Controller : PeatonalesRosario.Controllers.AccountsController
Action : CreateBusiness
Action Parameters : {"messageFormat":"Resolver.Exceptions.ApiDataException: Exception of type 'Resolver.Exceptions.ApiDataException' was thrown.\r\n   at PeatonalesRosario.Controllers.AccountsController.<CreateBusiness>d__10.MoveNext() in D:\\PeatonUp\\Peatonales\\PeatonalesRosario\\PeatonalesRosario\\Controllers\\Security\\AccountController.cs:line 546\r\n--- End of stack trace from previous location where exception was thrown ---\r\n   at System.Runtime.CompilerServices.TaskAwaiter.ThrowForNonSuccess(Task task)\r\n   at System.Runtime.CompilerServices.TaskAwaiter.HandleNonSuccessAndDebuggerNotification(Task task)\r\n   at System.Threading.Tasks.TaskHelpersExtensions.<CastToObject>d__3`1.MoveNext()\r\n--- End of stack trace from previous location where exception was thrown ---\r\n   at System.Runtime.CompilerServices.TaskAwaiter.ThrowForNonSuccess(Task task)\r\n   at System.Runtime.CompilerServices.TaskAwaiter.HandleNonSuccessAndDebuggerNotification(Task task)\r\n   at System.Web.Http.Controllers.ApiControllerActionInvoker.<InvokeActionAsyncCore>d__0.MoveNext()\r\n--- End of stack trace from previous location where exception was thrown ---\r\n   at System.Runtime.CompilerServices.TaskAwaiter.ThrowForNonSuccess(Task task)\r\n   at System.Runtime.CompilerServices.TaskAwaiter.HandleNonSuccessAndDebuggerNotification(Task task)\r\n   at System.Web.Http.Controllers.ActionFilterResult.<ExecuteAsync>d__2.MoveNext()\r\n--- End of stack trace from previous location where exception was thrown ---\r\n   at System.Runtime.CompilerServices.TaskAwaiter.ThrowForNonSuccess(Task task)\r\n   at System.Runtime.CompilerServices.TaskAwaiter.HandleNonSuccessAndDebuggerNotification(Task task)\r\n   at System.Web.Http.Controllers.ExceptionFilterResult.<ExecuteAsync>d__0.MoveNext()\r\nStatus Code: BadRequest\r\nInternal Code: 13\r\nReasonPhrase: BadRequest\r\nMessage: El número de Cuit/Cuil/CDI es inválido","messageArguments":[]}

2017-04-01 16:59:07.0221|INFO|PeatonalesRosario.Helpers.NLogger|JSON
Method: GET
URL: http://localhost:8089/api/provinces?top=100
Controller : PeatonalesRosario.Controllers.ProvincesController
Action : GetProvinces
Action Parameters : {"messageFormat":"JSON","messageArguments":[{"page":1,"top":100,"orderby":"idprovince","ascending":"asc"}]}

2017-04-01 17:06:41.1781|INFO|PeatonalesRosario.Helpers.NLogger|JSON
Method: GET
URL: http://localhost:8089/api/books/
Controller : PeatonalesRosario.Controllers.BooksController
Action : GetBooks
Action Parameters : {"messageFormat":"JSON","messageArguments":[{}]}

2017-04-01 17:06:41.1781|INFO|PeatonalesRosario.Helpers.NLogger|JSON
Method: GET
URL: http://localhost:8089/api/authors/
Controller : PeatonalesRosario.Controllers.AuthorsController
Action : GetItems
Action Parameters : {"messageFormat":"JSON","messageArguments":[{"page":1,"top":5,"orderby":"Id","ascending":"asc"}]}

2017-04-01 17:08:10.0322|ERROR|PeatonalesRosario.Helpers.NLogger|Resolver.Exceptions.ApiDataException: Exception of type 'Resolver.Exceptions.ApiDataException' was thrown.
   at PeatonalesRosario.Controllers.AccountsController.<CreateBusiness>d__10.MoveNext() in D:\PeatonUp\Peatonales\PeatonalesRosario\PeatonalesRosario\Controllers\Security\AccountController.cs:line 546
--- End of stack trace from previous location where exception was thrown ---
   at System.Runtime.CompilerServices.TaskAwaiter.ThrowForNonSuccess(Task task)
   at System.Runtime.CompilerServices.TaskAwaiter.HandleNonSuccessAndDebuggerNotification(Task task)
   at System.Threading.Tasks.TaskHelpersExtensions.<CastToObject>d__3`1.MoveNext()
--- End of stack trace from previous location where exception was thrown ---
   at System.Runtime.CompilerServices.TaskAwaiter.ThrowForNonSuccess(Task task)
   at System.Runtime.CompilerServices.TaskAwaiter.HandleNonSuccessAndDebuggerNotification(Task task)
   at System.Web.Http.Controllers.ApiControllerActionInvoker.<InvokeActionAsyncCore>d__0.MoveNext()
--- End of stack trace from previous location where exception was thrown ---
   at System.Runtime.CompilerServices.TaskAwaiter.ThrowForNonSuccess(Task task)
   at System.Runtime.CompilerServices.TaskAwaiter.HandleNonSuccessAndDebuggerNotification(Task task)
   at System.Web.Http.Controllers.ActionFilterResult.<ExecuteAsync>d__2.MoveNext()
--- End of stack trace from previous location where exception was thrown ---
   at System.Runtime.CompilerServices.TaskAwaiter.ThrowForNonSuccess(Task task)
   at System.Runtime.CompilerServices.TaskAwaiter.HandleNonSuccessAndDebuggerNotification(Task task)
   at System.Web.Http.Controllers.ExceptionFilterResult.<ExecuteAsync>d__0.MoveNext()
Status Code: BadRequest
Internal Code: 13
ReasonPhrase: BadRequest
Message: El número de Cuit/Cuil/CDI es inválido
Method: POST
URL: http://localhost:8089/api/accounts/createbusiness
Controller : PeatonalesRosario.Controllers.AccountsController
Action : CreateBusiness
Action Parameters : {"messageFormat":"Resolver.Exceptions.ApiDataException: Exception of type 'Resolver.Exceptions.ApiDataException' was thrown.\r\n   at PeatonalesRosario.Controllers.AccountsController.<CreateBusiness>d__10.MoveNext() in D:\\PeatonUp\\Peatonales\\PeatonalesRosario\\PeatonalesRosario\\Controllers\\Security\\AccountController.cs:line 546\r\n--- End of stack trace from previous location where exception was thrown ---\r\n   at System.Runtime.CompilerServices.TaskAwaiter.ThrowForNonSuccess(Task task)\r\n   at System.Runtime.CompilerServices.TaskAwaiter.HandleNonSuccessAndDebuggerNotification(Task task)\r\n   at System.Threading.Tasks.TaskHelpersExtensions.<CastToObject>d__3`1.MoveNext()\r\n--- End of stack trace from previous location where exception was thrown ---\r\n   at System.Runtime.CompilerServices.TaskAwaiter.ThrowForNonSuccess(Task task)\r\n   at System.Runtime.CompilerServices.TaskAwaiter.HandleNonSuccessAndDebuggerNotification(Task task)\r\n   at System.Web.Http.Controllers.ApiControllerActionInvoker.<InvokeActionAsyncCore>d__0.MoveNext()\r\n--- End of stack trace from previous location where exception was thrown ---\r\n   at System.Runtime.CompilerServices.TaskAwaiter.ThrowForNonSuccess(Task task)\r\n   at System.Runtime.CompilerServices.TaskAwaiter.HandleNonSuccessAndDebuggerNotification(Task task)\r\n   at System.Web.Http.Controllers.ActionFilterResult.<ExecuteAsync>d__2.MoveNext()\r\n--- End of stack trace from previous location where exception was thrown ---\r\n   at System.Runtime.CompilerServices.TaskAwaiter.ThrowForNonSuccess(Task task)\r\n   at System.Runtime.CompilerServices.TaskAwaiter.HandleNonSuccessAndDebuggerNotification(Task task)\r\n   at System.Web.Http.Controllers.ExceptionFilterResult.<ExecuteAsync>d__0.MoveNext()\r\nStatus Code: BadRequest\r\nInternal Code: 13\r\nReasonPhrase: BadRequest\r\nMessage: El número de Cuit/Cuil/CDI es inválido","messageArguments":[]}

2017-04-01 17:08:11.4443|INFO|PeatonalesRosario.Helpers.NLogger|JSON
Method: GET
URL: http://localhost:8089/api/provinces?top=100
Controller : PeatonalesRosario.Controllers.ProvincesController
Action : GetProvinces
Action Parameters : {"messageFormat":"JSON","messageArguments":[{"page":1,"top":100,"orderby":"idprovince","ascending":"asc"}]}

2017-04-01 17:21:35.6893|INFO|PeatonalesRosario.Helpers.NLogger|JSON
Method: GET
URL: http://localhost:8089/api/books/
Controller : PeatonalesRosario.Controllers.BooksController
Action : GetBooks
Action Parameters : {"messageFormat":"JSON","messageArguments":[{}]}

2017-04-01 17:21:35.6933|INFO|PeatonalesRosario.Helpers.NLogger|JSON
Method: GET
URL: http://localhost:8089/api/authors/
Controller : PeatonalesRosario.Controllers.AuthorsController
Action : GetItems
Action Parameters : {"messageFormat":"JSON","messageArguments":[{"page":1,"top":5,"orderby":"Id","ascending":"asc"}]}

2017-04-01 17:22:25.7161|ERROR|PeatonalesRosario.Helpers.NLogger|Resolver.Exceptions.ApiException: Exception of type 'Resolver.Exceptions.ApiException' was thrown.
   at PeatonalesRosario.Controllers.AccountsController.<CreateBusiness>d__10.MoveNext() in D:\PeatonUp\Peatonales\PeatonalesRosario\PeatonalesRosario\Controllers\Security\AccountController.cs:line 546
--- End of stack trace from previous location where exception was thrown ---
   at System.Runtime.CompilerServices.TaskAwaiter.ThrowForNonSuccess(Task task)
   at System.Runtime.CompilerServices.TaskAwaiter.HandleNonSuccessAndDebuggerNotification(Task task)
   at System.Threading.Tasks.TaskHelpersExtensions.<CastToObject>d__3`1.MoveNext()
--- End of stack trace from previous location where exception was thrown ---
   at System.Runtime.CompilerServices.TaskAwaiter.ThrowForNonSuccess(Task task)
   at System.Runtime.CompilerServices.TaskAwaiter.HandleNonSuccessAndDebuggerNotification(Task task)
   at System.Web.Http.Controllers.ApiControllerActionInvoker.<InvokeActionAsyncCore>d__0.MoveNext()
--- End of stack trace from previous location where exception was thrown ---
   at System.Runtime.CompilerServices.TaskAwaiter.ThrowForNonSuccess(Task task)
   at System.Runtime.CompilerServices.TaskAwaiter.HandleNonSuccessAndDebuggerNotification(Task task)
   at System.Web.Http.Controllers.ActionFilterResult.<ExecuteAsync>d__2.MoveNext()
--- End of stack trace from previous location where exception was thrown ---
   at System.Runtime.CompilerServices.TaskAwaiter.ThrowForNonSuccess(Task task)
   at System.Runtime.CompilerServices.TaskAwaiter.HandleNonSuccessAndDebuggerNotification(Task task)
   at System.Web.Http.Controllers.ExceptionFilterResult.<ExecuteAsync>d__0.MoveNext()
Status Code: InternalServerError
Internal Code: -2146233066
ReasonPhrase: InternalServerError
Message: Value was either too large or too small for an Int32.
Method: POST
URL: http://localhost:8089/api/accounts/createbusiness
Controller : PeatonalesRosario.Controllers.AccountsController
Action : CreateBusiness
Action Parameters : {"messageFormat":"Resolver.Exceptions.ApiException: Exception of type 'Resolver.Exceptions.ApiException' was thrown.\r\n   at PeatonalesRosario.Controllers.AccountsController.<CreateBusiness>d__10.MoveNext() in D:\\PeatonUp\\Peatonales\\PeatonalesRosario\\PeatonalesRosario\\Controllers\\Security\\AccountController.cs:line 546\r\n--- End of stack trace from previous location where exception was thrown ---\r\n   at System.Runtime.CompilerServices.TaskAwaiter.ThrowForNonSuccess(Task task)\r\n   at System.Runtime.CompilerServices.TaskAwaiter.HandleNonSuccessAndDebuggerNotification(Task task)\r\n   at System.Threading.Tasks.TaskHelpersExtensions.<CastToObject>d__3`1.MoveNext()\r\n--- End of stack trace from previous location where exception was thrown ---\r\n   at System.Runtime.CompilerServices.TaskAwaiter.ThrowForNonSuccess(Task task)\r\n   at System.Runtime.CompilerServices.TaskAwaiter.HandleNonSuccessAndDebuggerNotification(Task task)\r\n   at System.Web.Http.Controllers.ApiControllerActionInvoker.<InvokeActionAsyncCore>d__0.MoveNext()\r\n--- End of stack trace from previous location where exception was thrown ---\r\n   at System.Runtime.CompilerServices.TaskAwaiter.ThrowForNonSuccess(Task task)\r\n   at System.Runtime.CompilerServices.TaskAwaiter.HandleNonSuccessAndDebuggerNotification(Task task)\r\n   at System.Web.Http.Controllers.ActionFilterResult.<ExecuteAsync>d__2.MoveNext()\r\n--- End of stack trace from previous location where exception was thrown ---\r\n   at System.Runtime.CompilerServices.TaskAwaiter.ThrowForNonSuccess(Task task)\r\n   at System.Runtime.CompilerServices.TaskAwaiter.HandleNonSuccessAndDebuggerNotification(Task task)\r\n   at System.Web.Http.Controllers.ExceptionFilterResult.<ExecuteAsync>d__0.MoveNext()\r\nStatus Code: InternalServerError\r\nInternal Code: -2146233066\r\nReasonPhrase: InternalServerError\r\nMessage: Value was either too large or too small for an Int32.","messageArguments":[]}

2017-04-01 17:23:27.4957|INFO|PeatonalesRosario.Helpers.NLogger|JSON
Method: GET
URL: http://localhost:8089/api/authors/
Controller : PeatonalesRosario.Controllers.AuthorsController
Action : GetItems
Action Parameters : {"messageFormat":"JSON","messageArguments":[{"page":1,"top":5,"orderby":"Id","ascending":"asc"}]}

2017-04-01 17:23:27.4957|INFO|PeatonalesRosario.Helpers.NLogger|JSON
Method: GET
URL: http://localhost:8089/api/books/
Controller : PeatonalesRosario.Controllers.BooksController
Action : GetBooks
Action Parameters : {"messageFormat":"JSON","messageArguments":[{}]}

2017-04-01 17:24:08.5660|ERROR|PeatonalesRosario.Helpers.NLogger|Resolver.Exceptions.ApiException: Exception of type 'Resolver.Exceptions.ApiException' was thrown.
   at PeatonalesRosario.Controllers.AccountsController.<CreateBusiness>d__10.MoveNext() in D:\PeatonUp\Peatonales\PeatonalesRosario\PeatonalesRosario\Controllers\Security\AccountController.cs:line 546
--- End of stack trace from previous location where exception was thrown ---
   at System.Runtime.CompilerServices.TaskAwaiter.ThrowForNonSuccess(Task task)
   at System.Runtime.CompilerServices.TaskAwaiter.HandleNonSuccessAndDebuggerNotification(Task task)
   at System.Threading.Tasks.TaskHelpersExtensions.<CastToObject>d__3`1.MoveNext()
--- End of stack trace from previous location where exception was thrown ---
   at System.Runtime.CompilerServices.TaskAwaiter.ThrowForNonSuccess(Task task)
   at System.Runtime.CompilerServices.TaskAwaiter.HandleNonSuccessAndDebuggerNotification(Task task)
   at System.Web.Http.Controllers.ApiControllerActionInvoker.<InvokeActionAsyncCore>d__0.MoveNext()
--- End of stack trace from previous location where exception was thrown ---
   at System.Runtime.CompilerServices.TaskAwaiter.ThrowForNonSuccess(Task task)
   at System.Runtime.CompilerServices.TaskAwaiter.HandleNonSuccessAndDebuggerNotification(Task task)
   at System.Web.Http.Controllers.ActionFilterResult.<ExecuteAsync>d__2.MoveNext()
--- End of stack trace from previous location where exception was thrown ---
   at System.Runtime.CompilerServices.TaskAwaiter.ThrowForNonSuccess(Task task)
   at System.Runtime.CompilerServices.TaskAwaiter.HandleNonSuccessAndDebuggerNotification(Task task)
   at System.Web.Http.Controllers.ExceptionFilterResult.<ExecuteAsync>d__0.MoveNext()
Status Code: InternalServerError
Internal Code: -2146233080
ReasonPhrase: InternalServerError
Message: Index was outside the bounds of the array.
Method: POST
URL: http://localhost:8089/api/accounts/createbusiness
Controller : PeatonalesRosario.Controllers.AccountsController
Action : CreateBusiness
Action Parameters : {"messageFormat":"Resolver.Exceptions.ApiException: Exception of type 'Resolver.Exceptions.ApiException' was thrown.\r\n   at PeatonalesRosario.Controllers.AccountsController.<CreateBusiness>d__10.MoveNext() in D:\\PeatonUp\\Peatonales\\PeatonalesRosario\\PeatonalesRosario\\Controllers\\Security\\AccountController.cs:line 546\r\n--- End of stack trace from previous location where exception was thrown ---\r\n   at System.Runtime.CompilerServices.TaskAwaiter.ThrowForNonSuccess(Task task)\r\n   at System.Runtime.CompilerServices.TaskAwaiter.HandleNonSuccessAndDebuggerNotification(Task task)\r\n   at System.Threading.Tasks.TaskHelpersExtensions.<CastToObject>d__3`1.MoveNext()\r\n--- End of stack trace from previous location where exception was thrown ---\r\n   at System.Runtime.CompilerServices.TaskAwaiter.ThrowForNonSuccess(Task task)\r\n   at System.Runtime.CompilerServices.TaskAwaiter.HandleNonSuccessAndDebuggerNotification(Task task)\r\n   at System.Web.Http.Controllers.ApiControllerActionInvoker.<InvokeActionAsyncCore>d__0.MoveNext()\r\n--- End of stack trace from previous location where exception was thrown ---\r\n   at System.Runtime.CompilerServices.TaskAwaiter.ThrowForNonSuccess(Task task)\r\n   at System.Runtime.CompilerServices.TaskAwaiter.HandleNonSuccessAndDebuggerNotification(Task task)\r\n   at System.Web.Http.Controllers.ActionFilterResult.<ExecuteAsync>d__2.MoveNext()\r\n--- End of stack trace from previous location where exception was thrown ---\r\n   at System.Runtime.CompilerServices.TaskAwaiter.ThrowForNonSuccess(Task task)\r\n   at System.Runtime.CompilerServices.TaskAwaiter.HandleNonSuccessAndDebuggerNotification(Task task)\r\n   at System.Web.Http.Controllers.ExceptionFilterResult.<ExecuteAsync>d__0.MoveNext()\r\nStatus Code: InternalServerError\r\nInternal Code: -2146233080\r\nReasonPhrase: InternalServerError\r\nMessage: Index was outside the bounds of the array.","messageArguments":[]}

2017-04-01 17:26:46.8041|ERROR|PeatonalesRosario.Helpers.NLogger|Resolver.Exceptions.ApiException: Exception of type 'Resolver.Exceptions.ApiException' was thrown.
   at PeatonalesRosario.Controllers.AccountsController.<CreateBusiness>d__10.MoveNext() in D:\PeatonUp\Peatonales\PeatonalesRosario\PeatonalesRosario\Controllers\Security\AccountController.cs:line 546
--- End of stack trace from previous location where exception was thrown ---
   at System.Runtime.CompilerServices.TaskAwaiter.ThrowForNonSuccess(Task task)
   at System.Runtime.CompilerServices.TaskAwaiter.HandleNonSuccessAndDebuggerNotification(Task task)
   at System.Threading.Tasks.TaskHelpersExtensions.<CastToObject>d__3`1.MoveNext()
--- End of stack trace from previous location where exception was thrown ---
   at System.Runtime.CompilerServices.TaskAwaiter.ThrowForNonSuccess(Task task)
   at System.Runtime.CompilerServices.TaskAwaiter.HandleNonSuccessAndDebuggerNotification(Task task)
   at System.Web.Http.Controllers.ApiControllerActionInvoker.<InvokeActionAsyncCore>d__0.MoveNext()
--- End of stack trace from previous location where exception was thrown ---
   at System.Runtime.CompilerServices.TaskAwaiter.ThrowForNonSuccess(Task task)
   at System.Runtime.CompilerServices.TaskAwaiter.HandleNonSuccessAndDebuggerNotification(Task task)
   at System.Web.Http.Controllers.ActionFilterResult.<ExecuteAsync>d__2.MoveNext()
--- End of stack trace from previous location where exception was thrown ---
   at System.Runtime.CompilerServices.TaskAwaiter.ThrowForNonSuccess(Task task)
   at System.Runtime.CompilerServices.TaskAwaiter.HandleNonSuccessAndDebuggerNotification(Task task)
   at System.Web.Http.Controllers.ExceptionFilterResult.<ExecuteAsync>d__0.MoveNext()
Status Code: InternalServerError
Internal Code: -2146233080
ReasonPhrase: InternalServerError
Message: Index was outside the bounds of the array.
Method: POST
URL: http://localhost:8089/api/accounts/createbusiness
Controller : PeatonalesRosario.Controllers.AccountsController
Action : CreateBusiness
Action Parameters : {"messageFormat":"Resolver.Exceptions.ApiException: Exception of type 'Resolver.Exceptions.ApiException' was thrown.\r\n   at PeatonalesRosario.Controllers.AccountsController.<CreateBusiness>d__10.MoveNext() in D:\\PeatonUp\\Peatonales\\PeatonalesRosario\\PeatonalesRosario\\Controllers\\Security\\AccountController.cs:line 546\r\n--- End of stack trace from previous location where exception was thrown ---\r\n   at System.Runtime.CompilerServices.TaskAwaiter.ThrowForNonSuccess(Task task)\r\n   at System.Runtime.CompilerServices.TaskAwaiter.HandleNonSuccessAndDebuggerNotification(Task task)\r\n   at System.Threading.Tasks.TaskHelpersExtensions.<CastToObject>d__3`1.MoveNext()\r\n--- End of stack trace from previous location where exception was thrown ---\r\n   at System.Runtime.CompilerServices.TaskAwaiter.ThrowForNonSuccess(Task task)\r\n   at System.Runtime.CompilerServices.TaskAwaiter.HandleNonSuccessAndDebuggerNotification(Task task)\r\n   at System.Web.Http.Controllers.ApiControllerActionInvoker.<InvokeActionAsyncCore>d__0.MoveNext()\r\n--- End of stack trace from previous location where exception was thrown ---\r\n   at System.Runtime.CompilerServices.TaskAwaiter.ThrowForNonSuccess(Task task)\r\n   at System.Runtime.CompilerServices.TaskAwaiter.HandleNonSuccessAndDebuggerNotification(Task task)\r\n   at System.Web.Http.Controllers.ActionFilterResult.<ExecuteAsync>d__2.MoveNext()\r\n--- End of stack trace from previous location where exception was thrown ---\r\n   at System.Runtime.CompilerServices.TaskAwaiter.ThrowForNonSuccess(Task task)\r\n   at System.Runtime.CompilerServices.TaskAwaiter.HandleNonSuccessAndDebuggerNotification(Task task)\r\n   at System.Web.Http.Controllers.ExceptionFilterResult.<ExecuteAsync>d__0.MoveNext()\r\nStatus Code: InternalServerError\r\nInternal Code: -2146233080\r\nReasonPhrase: InternalServerError\r\nMessage: Index was outside the bounds of the array.","messageArguments":[]}

2017-04-01 17:29:02.4388|ERROR|PeatonalesRosario.Helpers.NLogger|Resolver.Exceptions.ApiException: Exception of type 'Resolver.Exceptions.ApiException' was thrown.
   at PeatonalesRosario.Controllers.AccountsController.<CreateBusiness>d__10.MoveNext() in D:\PeatonUp\Peatonales\PeatonalesRosario\PeatonalesRosario\Controllers\Security\AccountController.cs:line 546
--- End of stack trace from previous location where exception was thrown ---
   at System.Runtime.CompilerServices.TaskAwaiter.ThrowForNonSuccess(Task task)
   at System.Runtime.CompilerServices.TaskAwaiter.HandleNonSuccessAndDebuggerNotification(Task task)
   at System.Threading.Tasks.TaskHelpersExtensions.<CastToObject>d__3`1.MoveNext()
--- End of stack trace from previous location where exception was thrown ---
   at System.Runtime.CompilerServices.TaskAwaiter.ThrowForNonSuccess(Task task)
   at System.Runtime.CompilerServices.TaskAwaiter.HandleNonSuccessAndDebuggerNotification(Task task)
   at System.Web.Http.Controllers.ApiControllerActionInvoker.<InvokeActionAsyncCore>d__0.MoveNext()
--- End of stack trace from previous location where exception was thrown ---
   at System.Runtime.CompilerServices.TaskAwaiter.ThrowForNonSuccess(Task task)
   at System.Runtime.CompilerServices.TaskAwaiter.HandleNonSuccessAndDebuggerNotification(Task task)
   at System.Web.Http.Controllers.ActionFilterResult.<ExecuteAsync>d__2.MoveNext()
--- End of stack trace from previous location where exception was thrown ---
   at System.Runtime.CompilerServices.TaskAwaiter.ThrowForNonSuccess(Task task)
   at System.Runtime.CompilerServices.TaskAwaiter.HandleNonSuccessAndDebuggerNotification(Task task)
   at System.Web.Http.Controllers.ExceptionFilterResult.<ExecuteAsync>d__0.MoveNext()
Status Code: InternalServerError
Internal Code: -2146233080
ReasonPhrase: InternalServerError
Message: Index was outside the bounds of the array.
Method: POST
URL: http://localhost:8089/api/accounts/createbusiness
Controller : PeatonalesRosario.Controllers.AccountsController
Action : CreateBusiness
Action Parameters : {"messageFormat":"Resolver.Exceptions.ApiException: Exception of type 'Resolver.Exceptions.ApiException' was thrown.\r\n   at PeatonalesRosario.Controllers.AccountsController.<CreateBusiness>d__10.MoveNext() in D:\\PeatonUp\\Peatonales\\PeatonalesRosario\\PeatonalesRosario\\Controllers\\Security\\AccountController.cs:line 546\r\n--- End of stack trace from previous location where exception was thrown ---\r\n   at System.Runtime.CompilerServices.TaskAwaiter.ThrowForNonSuccess(Task task)\r\n   at System.Runtime.CompilerServices.TaskAwaiter.HandleNonSuccessAndDebuggerNotification(Task task)\r\n   at System.Threading.Tasks.TaskHelpersExtensions.<CastToObject>d__3`1.MoveNext()\r\n--- End of stack trace from previous location where exception was thrown ---\r\n   at System.Runtime.CompilerServices.TaskAwaiter.ThrowForNonSuccess(Task task)\r\n   at System.Runtime.CompilerServices.TaskAwaiter.HandleNonSuccessAndDebuggerNotification(Task task)\r\n   at System.Web.Http.Controllers.ApiControllerActionInvoker.<InvokeActionAsyncCore>d__0.MoveNext()\r\n--- End of stack trace from previous location where exception was thrown ---\r\n   at System.Runtime.CompilerServices.TaskAwaiter.ThrowForNonSuccess(Task task)\r\n   at System.Runtime.CompilerServices.TaskAwaiter.HandleNonSuccessAndDebuggerNotification(Task task)\r\n   at System.Web.Http.Controllers.ActionFilterResult.<ExecuteAsync>d__2.MoveNext()\r\n--- End of stack trace from previous location where exception was thrown ---\r\n   at System.Runtime.CompilerServices.TaskAwaiter.ThrowForNonSuccess(Task task)\r\n   at System.Runtime.CompilerServices.TaskAwaiter.HandleNonSuccessAndDebuggerNotification(Task task)\r\n   at System.Web.Http.Controllers.ExceptionFilterResult.<ExecuteAsync>d__0.MoveNext()\r\nStatus Code: InternalServerError\r\nInternal Code: -2146233080\r\nReasonPhrase: InternalServerError\r\nMessage: Index was outside the bounds of the array.","messageArguments":[]}

2017-04-01 17:29:53.3057|INFO|PeatonalesRosario.Helpers.NLogger|JSON
Method: GET
URL: http://localhost:8089/api/books/
Controller : PeatonalesRosario.Controllers.BooksController
Action : GetBooks
Action Parameters : {"messageFormat":"JSON","messageArguments":[{}]}

2017-04-01 17:29:53.3057|INFO|PeatonalesRosario.Helpers.NLogger|JSON
Method: GET
URL: http://localhost:8089/api/authors/
Controller : PeatonalesRosario.Controllers.AuthorsController
Action : GetItems
Action Parameters : {"messageFormat":"JSON","messageArguments":[{"page":1,"top":5,"orderby":"Id","ascending":"asc"}]}

2017-04-01 17:32:01.3331|ERROR|PeatonalesRosario.Helpers.NLogger|Resolver.Exceptions.ApiDataException: Exception of type 'Resolver.Exceptions.ApiDataException' was thrown.
   at PeatonalesRosario.Controllers.AccountsController.<CreateBusiness>d__10.MoveNext() in D:\PeatonUp\Peatonales\PeatonalesRosario\PeatonalesRosario\Controllers\Security\AccountController.cs:line 546
--- End of stack trace from previous location where exception was thrown ---
   at System.Runtime.CompilerServices.TaskAwaiter.ThrowForNonSuccess(Task task)
   at System.Runtime.CompilerServices.TaskAwaiter.HandleNonSuccessAndDebuggerNotification(Task task)
   at System.Threading.Tasks.TaskHelpersExtensions.<CastToObject>d__3`1.MoveNext()
--- End of stack trace from previous location where exception was thrown ---
   at System.Runtime.CompilerServices.TaskAwaiter.ThrowForNonSuccess(Task task)
   at System.Runtime.CompilerServices.TaskAwaiter.HandleNonSuccessAndDebuggerNotification(Task task)
   at System.Web.Http.Controllers.ApiControllerActionInvoker.<InvokeActionAsyncCore>d__0.MoveNext()
--- End of stack trace from previous location where exception was thrown ---
   at System.Runtime.CompilerServices.TaskAwaiter.ThrowForNonSuccess(Task task)
   at System.Runtime.CompilerServices.TaskAwaiter.HandleNonSuccessAndDebuggerNotification(Task task)
   at System.Web.Http.Controllers.ActionFilterResult.<ExecuteAsync>d__2.MoveNext()
--- End of stack trace from previous location where exception was thrown ---
   at System.Runtime.CompilerServices.TaskAwaiter.ThrowForNonSuccess(Task task)
   at System.Runtime.CompilerServices.TaskAwaiter.HandleNonSuccessAndDebuggerNotification(Task task)
   at System.Web.Http.Controllers.ExceptionFilterResult.<ExecuteAsync>d__0.MoveNext()
Status Code: BadRequest
Internal Code: 13
ReasonPhrase: BadRequest
Message: El número de Cuit/Cuil/CDI es inválido
Method: POST
URL: http://localhost:8089/api/accounts/createbusiness
Controller : PeatonalesRosario.Controllers.AccountsController
Action : CreateBusiness
Action Parameters : {"messageFormat":"Resolver.Exceptions.ApiDataException: Exception of type 'Resolver.Exceptions.ApiDataException' was thrown.\r\n   at PeatonalesRosario.Controllers.AccountsController.<CreateBusiness>d__10.MoveNext() in D:\\PeatonUp\\Peatonales\\PeatonalesRosario\\PeatonalesRosario\\Controllers\\Security\\AccountController.cs:line 546\r\n--- End of stack trace from previous location where exception was thrown ---\r\n   at System.Runtime.CompilerServices.TaskAwaiter.ThrowForNonSuccess(Task task)\r\n   at System.Runtime.CompilerServices.TaskAwaiter.HandleNonSuccessAndDebuggerNotification(Task task)\r\n   at System.Threading.Tasks.TaskHelpersExtensions.<CastToObject>d__3`1.MoveNext()\r\n--- End of stack trace from previous location where exception was thrown ---\r\n   at System.Runtime.CompilerServices.TaskAwaiter.ThrowForNonSuccess(Task task)\r\n   at System.Runtime.CompilerServices.TaskAwaiter.HandleNonSuccessAndDebuggerNotification(Task task)\r\n   at System.Web.Http.Controllers.ApiControllerActionInvoker.<InvokeActionAsyncCore>d__0.MoveNext()\r\n--- End of stack trace from previous location where exception was thrown ---\r\n   at System.Runtime.CompilerServices.TaskAwaiter.ThrowForNonSuccess(Task task)\r\n   at System.Runtime.CompilerServices.TaskAwaiter.HandleNonSuccessAndDebuggerNotification(Task task)\r\n   at System.Web.Http.Controllers.ActionFilterResult.<ExecuteAsync>d__2.MoveNext()\r\n--- End of stack trace from previous location where exception was thrown ---\r\n   at System.Runtime.CompilerServices.TaskAwaiter.ThrowForNonSuccess(Task task)\r\n   at System.Runtime.CompilerServices.TaskAwaiter.HandleNonSuccessAndDebuggerNotification(Task task)\r\n   at System.Web.Http.Controllers.ExceptionFilterResult.<ExecuteAsync>d__0.MoveNext()\r\nStatus Code: BadRequest\r\nInternal Code: 13\r\nReasonPhrase: BadRequest\r\nMessage: El número de Cuit/Cuil/CDI es inválido","messageArguments":[]}

2017-04-01 17:32:03.7652|INFO|PeatonalesRosario.Helpers.NLogger|JSON
Method: GET
URL: http://localhost:8089/api/provinces?top=100
Controller : PeatonalesRosario.Controllers.ProvincesController
Action : GetProvinces
Action Parameters : {"messageFormat":"JSON","messageArguments":[{"page":1,"top":100,"orderby":"idprovince","ascending":"asc"}]}

2017-04-01 17:37:04.4934|INFO|PeatonalesRosario.Helpers.NLogger|JSON
Method: GET
URL: http://localhost:8089/api/authors/
Controller : PeatonalesRosario.Controllers.AuthorsController
Action : GetItems
Action Parameters : {"messageFormat":"JSON","messageArguments":[{"page":1,"top":5,"orderby":"Id","ascending":"asc"}]}

2017-04-01 17:37:04.4934|INFO|PeatonalesRosario.Helpers.NLogger|JSON
Method: GET
URL: http://localhost:8089/api/books/
Controller : PeatonalesRosario.Controllers.BooksController
Action : GetBooks
Action Parameters : {"messageFormat":"JSON","messageArguments":[{}]}

2017-04-01 17:38:08.3100|INFO|PeatonalesRosario.Helpers.NLogger|JSON
Method: GET
URL: http://localhost:8089/api/provinces?top=100
Controller : PeatonalesRosario.Controllers.ProvincesController
Action : GetProvinces
Action Parameters : {"messageFormat":"JSON","messageArguments":[{"page":1,"top":100,"orderby":"idprovince","ascending":"asc"}]}

2017-04-01 17:40:15.2783|INFO|PeatonalesRosario.Helpers.NLogger|JSON
Method: GET
URL: http://localhost:8089/api/provinces?top=100
Controller : PeatonalesRosario.Controllers.ProvincesController
Action : GetProvinces
Action Parameters : {"messageFormat":"JSON","messageArguments":[{"page":1,"top":100,"orderby":"idprovince","ascending":"asc"}]}

2017-04-01 17:40:44.3380|INFO|PeatonalesRosario.Helpers.NLogger|JSON
Method: GET
URL: http://localhost:8089/api/provinces?top=100
Controller : PeatonalesRosario.Controllers.ProvincesController
Action : GetProvinces
Action Parameters : {"messageFormat":"JSON","messageArguments":[{"page":1,"top":100,"orderby":"idprovince","ascending":"asc"}]}

2017-04-01 17:41:27.7915|INFO|PeatonalesRosario.Helpers.NLogger|JSON
Method: GET
URL: http://localhost:8089/api/provinces?top=100
Controller : PeatonalesRosario.Controllers.ProvincesController
Action : GetProvinces
Action Parameters : {"messageFormat":"JSON","messageArguments":[{"page":1,"top":100,"orderby":"idprovince","ascending":"asc"}]}

2017-04-01 17:41:48.1716|INFO|PeatonalesRosario.Helpers.NLogger|JSON
Method: GET
URL: http://localhost:8089/api/provinces?top=100
Controller : PeatonalesRosario.Controllers.ProvincesController
Action : GetProvinces
Action Parameters : {"messageFormat":"JSON","messageArguments":[{"page":1,"top":100,"orderby":"idprovince","ascending":"asc"}]}

2017-04-01 17:42:31.6421|INFO|PeatonalesRosario.Helpers.NLogger|JSON
Method: GET
URL: http://localhost:8089/api/authors/
Controller : PeatonalesRosario.Controllers.AuthorsController
Action : GetItems
Action Parameters : {"messageFormat":"JSON","messageArguments":[{"page":1,"top":5,"orderby":"Id","ascending":"asc"}]}

2017-04-01 17:42:31.7261|INFO|PeatonalesRosario.Helpers.NLogger|JSON
Method: GET
URL: http://localhost:8089/api/books/
Controller : PeatonalesRosario.Controllers.BooksController
Action : GetBooks
Action Parameters : {"messageFormat":"JSON","messageArguments":[{}]}

2017-04-01 17:46:42.7915|ERROR|PeatonalesRosario.Helpers.NLogger|Resolver.Exceptions.ApiBusinessException: Exception of type 'Resolver.Exceptions.ApiBusinessException' was thrown.
   at PeatonalesRosario.Controllers.AccountsController.<CreateBusiness>d__10.MoveNext() in D:\PeatonUp\Peatonales\PeatonalesRosario\PeatonalesRosario\Controllers\Security\AccountController.cs:line 546
--- End of stack trace from previous location where exception was thrown ---
   at System.Runtime.CompilerServices.TaskAwaiter.ThrowForNonSuccess(Task task)
   at System.Runtime.CompilerServices.TaskAwaiter.HandleNonSuccessAndDebuggerNotification(Task task)
   at System.Threading.Tasks.TaskHelpersExtensions.<CastToObject>d__3`1.MoveNext()
--- End of stack trace from previous location where exception was thrown ---
   at System.Runtime.CompilerServices.TaskAwaiter.ThrowForNonSuccess(Task task)
   at System.Runtime.CompilerServices.TaskAwaiter.HandleNonSuccessAndDebuggerNotification(Task task)
   at System.Web.Http.Controllers.ApiControllerActionInvoker.<InvokeActionAsyncCore>d__0.MoveNext()
--- End of stack trace from previous location where exception was thrown ---
   at System.Runtime.CompilerServices.TaskAwaiter.ThrowForNonSuccess(Task task)
   at System.Runtime.CompilerServices.TaskAwaiter.HandleNonSuccessAndDebuggerNotification(Task task)
   at System.Web.Http.Controllers.ActionFilterResult.<ExecuteAsync>d__2.MoveNext()
--- End of stack trace from previous location where exception was thrown ---
   at System.Runtime.CompilerServices.TaskAwaiter.ThrowForNonSuccess(Task task)
   at System.Runtime.CompilerServices.TaskAwaiter.HandleNonSuccessAndDebuggerNotification(Task task)
   at System.Web.Http.Controllers.ExceptionFilterResult.<ExecuteAsync>d__0.MoveNext()
Status Code: BadRequest
Internal Code: 2
ReasonPhrase: BadRequest
Message: Nombre de usuario duplicado
Method: POST
URL: http://localhost:8089/api/accounts/createbusiness
Controller : PeatonalesRosario.Controllers.AccountsController
Action : CreateBusiness
Action Parameters : {"messageFormat":"Resolver.Exceptions.ApiBusinessException: Exception of type 'Resolver.Exceptions.ApiBusinessException' was thrown.\r\n   at PeatonalesRosario.Controllers.AccountsController.<CreateBusiness>d__10.MoveNext() in D:\\PeatonUp\\Peatonales\\PeatonalesRosario\\PeatonalesRosario\\Controllers\\Security\\AccountController.cs:line 546\r\n--- End of stack trace from previous location where exception was thrown ---\r\n   at System.Runtime.CompilerServices.TaskAwaiter.ThrowForNonSuccess(Task task)\r\n   at System.Runtime.CompilerServices.TaskAwaiter.HandleNonSuccessAndDebuggerNotification(Task task)\r\n   at System.Threading.Tasks.TaskHelpersExtensions.<CastToObject>d__3`1.MoveNext()\r\n--- End of stack trace from previous location where exception was thrown ---\r\n   at System.Runtime.CompilerServices.TaskAwaiter.ThrowForNonSuccess(Task task)\r\n   at System.Runtime.CompilerServices.TaskAwaiter.HandleNonSuccessAndDebuggerNotification(Task task)\r\n   at System.Web.Http.Controllers.ApiControllerActionInvoker.<InvokeActionAsyncCore>d__0.MoveNext()\r\n--- End of stack trace from previous location where exception was thrown ---\r\n   at System.Runtime.CompilerServices.TaskAwaiter.ThrowForNonSuccess(Task task)\r\n   at System.Runtime.CompilerServices.TaskAwaiter.HandleNonSuccessAndDebuggerNotification(Task task)\r\n   at System.Web.Http.Controllers.ActionFilterResult.<ExecuteAsync>d__2.MoveNext()\r\n--- End of stack trace from previous location where exception was thrown ---\r\n   at System.Runtime.CompilerServices.TaskAwaiter.ThrowForNonSuccess(Task task)\r\n   at System.Runtime.CompilerServices.TaskAwaiter.HandleNonSuccessAndDebuggerNotification(Task task)\r\n   at System.Web.Http.Controllers.ExceptionFilterResult.<ExecuteAsync>d__0.MoveNext()\r\nStatus Code: BadRequest\r\nInternal Code: 2\r\nReasonPhrase: BadRequest\r\nMessage: Nombre de usuario duplicado","messageArguments":[]}

2017-04-01 17:46:44.6656|INFO|PeatonalesRosario.Helpers.NLogger|JSON
Method: GET
URL: http://localhost:8089/api/provinces?top=100
Controller : PeatonalesRosario.Controllers.ProvincesController
Action : GetProvinces
Action Parameters : {"messageFormat":"JSON","messageArguments":[{"page":1,"top":100,"orderby":"idprovince","ascending":"asc"}]}

