2017-03-21 18:59:20.7335|INFO|PeatonalesRosario.Helpers.NLogger|JSON
Method: GET
URL: http://localhost:8089/api/authors/
Controller : PeatonalesRosario.Controllers.AuthorsController
Action : GetAuthors
Action Parameters : {"messageFormat":"JSON","messageArguments":[{"page":1,"top":5,"orderby":"Id","ascending":"asc"}]}

2017-03-21 18:59:20.7565|INFO|PeatonalesRosario.Helpers.NLogger|JSON
Method: GET
URL: http://localhost:8089/api/books/
Controller : PeatonalesRosario.Controllers.BooksController
Action : GetBooks
Action Parameters : {"messageFormat":"JSON","messageArguments":[{}]}

2017-03-21 19:00:48.0625|INFO|PeatonalesRosario.Helpers.NLogger|JSON
Method: GET
URL: http://localhost:8089/api/authors
Controller : PeatonalesRosario.Controllers.AuthorsController
Action : GetAuthors
Action Parameters : {"messageFormat":"JSON","messageArguments":[{"page":1,"top":5,"orderby":"Id","ascending":"asc"}]}

2017-03-21 19:01:08.1456|INFO|PeatonalesRosario.Helpers.NLogger|JSON
Method: GET
URL: http://localhost:8089/api/authors/4
Controller : PeatonalesRosario.Controllers.AuthorsController
Action : GetAuthor
Action Parameters : {"messageFormat":"JSON","messageArguments":[{"id":4}]}

2017-03-21 19:01:49.2870|INFO|PeatonalesRosario.Helpers.NLogger|JSON
Method: POST
URL: http://localhost:8089/api/authors
Controller : PeatonalesRosario.Controllers.AuthorsController
Action : PostAuthor
Action Parameters : {"messageFormat":"JSON","messageArguments":[{"author":{"Id":0,"Name":"Farazaa","Books":null}}]}

2017-03-21 19:01:57.3874|INFO|PeatonalesRosario.Helpers.NLogger|JSON
Method: GET
URL: http://localhost:8089/api/authors
Controller : PeatonalesRosario.Controllers.AuthorsController
Action : GetAuthors
Action Parameters : {"messageFormat":"JSON","messageArguments":[{"page":1,"top":5,"orderby":"Id","ascending":"asc"}]}

2017-03-21 19:02:19.0157|INFO|PeatonalesRosario.Helpers.NLogger|JSON
Method: GET
URL: http://localhost:8089/api/authors/4
Controller : PeatonalesRosario.Controllers.AuthorsController
Action : GetAuthor
Action Parameters : {"messageFormat":"JSON","messageArguments":[{"id":4}]}

2017-03-21 19:03:58.4994|INFO|PeatonalesRosario.Helpers.NLogger|JSON
Method: GET
URL: http://localhost:8089/api/authors/
Controller : PeatonalesRosario.Controllers.AuthorsController
Action : GetAuthors
Action Parameters : {"messageFormat":"JSON","messageArguments":[{"page":1,"top":5,"orderby":"Id","ascending":"asc"}]}

2017-03-21 19:03:58.4994|INFO|PeatonalesRosario.Helpers.NLogger|JSON
Method: GET
URL: http://localhost:8089/api/books/
Controller : PeatonalesRosario.Controllers.BooksController
Action : GetBooks
Action Parameters : {"messageFormat":"JSON","messageArguments":[{}]}

2017-03-21 19:04:53.4555|INFO|PeatonalesRosario.Helpers.NLogger|JSON
Method: GET
URL: http://localhost:8089/api/authors
Controller : PeatonalesRosario.Controllers.AuthorsController
Action : GetAuthors
Action Parameters : {"messageFormat":"JSON","messageArguments":[{"page":1,"top":5,"orderby":"Id","ascending":"asc"}]}

2017-03-21 19:04:56.9637|INFO|PeatonalesRosario.Helpers.NLogger|JSON
Method: GET
URL: http://localhost:8089/api/authors/4
Controller : PeatonalesRosario.Controllers.AuthorsController
Action : GetAuthor
Action Parameters : {"messageFormat":"JSON","messageArguments":[{"id":4}]}

2017-03-21 19:05:36.0779|INFO|PeatonalesRosario.Helpers.NLogger|JSON
Method: GET
URL: http://localhost:8089/api/books/
Controller : PeatonalesRosario.Controllers.BooksController
Action : GetBooks
Action Parameters : {"messageFormat":"JSON","messageArguments":[{}]}

2017-03-21 19:05:36.0779|INFO|PeatonalesRosario.Helpers.NLogger|JSON
Method: GET
URL: http://localhost:8089/api/authors/
Controller : PeatonalesRosario.Controllers.AuthorsController
Action : GetAuthors
Action Parameters : {"messageFormat":"JSON","messageArguments":[{"page":1,"top":5,"orderby":"Id","ascending":"asc"}]}

2017-03-21 19:06:17.2393|INFO|PeatonalesRosario.Helpers.NLogger|JSON
Method: GET
URL: http://localhost:8089/api/authors
Controller : PeatonalesRosario.Controllers.AuthorsController
Action : GetAuthors
Action Parameters : {"messageFormat":"JSON","messageArguments":[{"page":1,"top":5,"orderby":"Id","ascending":"asc"}]}

2017-03-21 19:06:18.3874|INFO|PeatonalesRosario.Helpers.NLogger|JSON
Method: GET
URL: http://localhost:8089/api/authors/4
Controller : PeatonalesRosario.Controllers.AuthorsController
Action : GetAuthor
Action Parameters : {"messageFormat":"JSON","messageArguments":[{"id":4}]}

2017-03-21 19:06:20.7205|INFO|PeatonalesRosario.Helpers.NLogger|JSON
Method: PUT
URL: http://localhost:8089/api/authors/4
Controller : PeatonalesRosario.Controllers.AuthorsController
Action : PutAuthor
Action Parameters : {"messageFormat":"JSON","messageArguments":[{"id":4,"author":{"Id":4,"Name":"Pepeee2222","Books":null}}]}

2017-03-21 19:06:23.9467|INFO|PeatonalesRosario.Helpers.NLogger|JSON
Method: GET
URL: http://localhost:8089/api/authors
Controller : PeatonalesRosario.Controllers.AuthorsController
Action : GetAuthors
Action Parameters : {"messageFormat":"JSON","messageArguments":[{"page":1,"top":5,"orderby":"Id","ascending":"asc"}]}

