2017-03-27 10:54:36.9973|INFO|PeatonalesRosario.Helpers.NLogger|JSON
Method: GET
URL: http://localhost:8089/api/books/
Controller : PeatonalesRosario.Controllers.BooksController
Action : GetBooks
Action Parameters : {"messageFormat":"JSON","messageArguments":[{}]}

2017-03-27 10:54:36.9973|INFO|PeatonalesRosario.Helpers.NLogger|JSON
Method: GET
URL: http://localhost:8089/api/authors/
Controller : PeatonalesRosario.Controllers.AuthorsController
Action : GetItems
Action Parameters : {"messageFormat":"JSON","messageArguments":[{"page":1,"top":5,"orderby":"Id","ascending":"asc"}]}

2017-03-27 14:25:30.0097|INFO|PeatonalesRosario.Helpers.NLogger|JSON
Method: GET
URL: http://localhost:8089/api/provinces?top=100
Controller : PeatonalesRosario.Controllers.ProvincesController
Action : GetProvinces
Action Parameters : {"messageFormat":"JSON","messageArguments":[{"page":1,"top":100,"orderby":"idprovince","ascending":"asc"}]}

2017-03-27 14:25:31.3888|INFO|PeatonalesRosario.Helpers.NLogger|JSON
Method: GET
URL: http://localhost:8089/api/books/
Controller : PeatonalesRosario.Controllers.BooksController
Action : GetBooks
Action Parameters : {"messageFormat":"JSON","messageArguments":[{}]}

2017-03-27 14:25:31.3888|INFO|PeatonalesRosario.Helpers.NLogger|JSON
Method: GET
URL: http://localhost:8089/api/authors/
Controller : PeatonalesRosario.Controllers.AuthorsController
Action : GetItems
Action Parameters : {"messageFormat":"JSON","messageArguments":[{"page":1,"top":5,"orderby":"Id","ascending":"asc"}]}

2017-03-27 14:26:08.5999|INFO|PeatonalesRosario.Helpers.NLogger|JSON
Method: GET
URL: http://localhost:8089/api/peatonusers?dni=344222
Controller : PeatonalesRosario.Controllers.PeatonUsersController
Action : Get
Action Parameters : {"messageFormat":"JSON","messageArguments":[{"page":1,"top":5,"orderby":"idpeatonusers","ascending":"asc","dni":"344222"}]}

2017-03-27 14:26:10.3720|INFO|PeatonalesRosario.Helpers.NLogger|JSON
Method: GET
URL: http://localhost:8089/api/peatonusers?dni=3442222
Controller : PeatonalesRosario.Controllers.PeatonUsersController
Action : Get
Action Parameters : {"messageFormat":"JSON","messageArguments":[{"page":1,"top":5,"orderby":"idpeatonusers","ascending":"asc","dni":"3442222"}]}

2017-03-27 14:26:46.3011|ERROR|PeatonalesRosario.Helpers.NLogger|Resolver.Exceptions.ApiException: Exception of type 'Resolver.Exceptions.ApiException' was thrown.
   at PeatonalesRosario.Controllers.AccountsController.<CreateUser>d__4.MoveNext() in D:\PeatonUp\Peatonales\PeatonalesRosario\PeatonalesRosario\Controllers\Security\AccountController.cs:line 184
--- End of stack trace from previous location where exception was thrown ---
   at System.Runtime.CompilerServices.TaskAwaiter.ThrowForNonSuccess(Task task)
   at System.Runtime.CompilerServices.TaskAwaiter.HandleNonSuccessAndDebuggerNotification(Task task)
   at System.Threading.Tasks.TaskHelpersExtensions.<CastToObject>d__3`1.MoveNext()
--- End of stack trace from previous location where exception was thrown ---
   at System.Runtime.CompilerServices.TaskAwaiter.ThrowForNonSuccess(Task task)
   at System.Runtime.CompilerServices.TaskAwaiter.HandleNonSuccessAndDebuggerNotification(Task task)
   at System.Web.Http.Controllers.ApiControllerActionInvoker.<InvokeActionAsyncCore>d__0.MoveNext()
--- End of stack trace from previous location where exception was thrown ---
   at System.Runtime.CompilerServices.TaskAwaiter.ThrowForNonSuccess(Task task)
   at System.Runtime.CompilerServices.TaskAwaiter.HandleNonSuccessAndDebuggerNotification(Task task)
   at System.Web.Http.Controllers.ActionFilterResult.<ExecuteAsync>d__2.MoveNext()
--- End of stack trace from previous location where exception was thrown ---
   at System.Runtime.CompilerServices.TaskAwaiter.ThrowForNonSuccess(Task task)
   at System.Runtime.CompilerServices.TaskAwaiter.HandleNonSuccessAndDebuggerNotification(Task task)
   at System.Web.Http.Controllers.ExceptionFilterResult.<ExecuteAsync>d__0.MoveNext()
Status Code: InternalServerError
Internal Code: -2146233088
ReasonPhrase: InternalServerError
Message: Exception of type 'System.Exception' was thrown.
Method: POST
URL: http://localhost:8089/api/accounts/create
Controller : PeatonalesRosario.Controllers.AccountsController
Action : CreateUser
Action Parameters : {"messageFormat":"Resolver.Exceptions.ApiException: Exception of type 'Resolver.Exceptions.ApiException' was thrown.\r\n   at PeatonalesRosario.Controllers.AccountsController.<CreateUser>d__4.MoveNext() in D:\\PeatonUp\\Peatonales\\PeatonalesRosario\\PeatonalesRosario\\Controllers\\Security\\AccountController.cs:line 184\r\n--- End of stack trace from previous location where exception was thrown ---\r\n   at System.Runtime.CompilerServices.TaskAwaiter.ThrowForNonSuccess(Task task)\r\n   at System.Runtime.CompilerServices.TaskAwaiter.HandleNonSuccessAndDebuggerNotification(Task task)\r\n   at System.Threading.Tasks.TaskHelpersExtensions.<CastToObject>d__3`1.MoveNext()\r\n--- End of stack trace from previous location where exception was thrown ---\r\n   at System.Runtime.CompilerServices.TaskAwaiter.ThrowForNonSuccess(Task task)\r\n   at System.Runtime.CompilerServices.TaskAwaiter.HandleNonSuccessAndDebuggerNotification(Task task)\r\n   at System.Web.Http.Controllers.ApiControllerActionInvoker.<InvokeActionAsyncCore>d__0.MoveNext()\r\n--- End of stack trace from previous location where exception was thrown ---\r\n   at System.Runtime.CompilerServices.TaskAwaiter.ThrowForNonSuccess(Task task)\r\n   at System.Runtime.CompilerServices.TaskAwaiter.HandleNonSuccessAndDebuggerNotification(Task task)\r\n   at System.Web.Http.Controllers.ActionFilterResult.<ExecuteAsync>d__2.MoveNext()\r\n--- End of stack trace from previous location where exception was thrown ---\r\n   at System.Runtime.CompilerServices.TaskAwaiter.ThrowForNonSuccess(Task task)\r\n   at System.Runtime.CompilerServices.TaskAwaiter.HandleNonSuccessAndDebuggerNotification(Task task)\r\n   at System.Web.Http.Controllers.ExceptionFilterResult.<ExecuteAsync>d__0.MoveNext()\r\nStatus Code: InternalServerError\r\nInternal Code: -2146233088\r\nReasonPhrase: InternalServerError\r\nMessage: Exception of type 'System.Exception' was thrown.","messageArguments":[]}

2017-03-27 14:33:32.1063|INFO|PeatonalesRosario.Helpers.NLogger|JSON
Method: GET
URL: http://localhost:8089/api/books/
Controller : PeatonalesRosario.Controllers.BooksController
Action : GetBooks
Action Parameters : {"messageFormat":"JSON","messageArguments":[{}]}

2017-03-27 14:33:32.1063|INFO|PeatonalesRosario.Helpers.NLogger|JSON
Method: GET
URL: http://localhost:8089/api/authors/
Controller : PeatonalesRosario.Controllers.AuthorsController
Action : GetItems
Action Parameters : {"messageFormat":"JSON","messageArguments":[{"page":1,"top":5,"orderby":"Id","ascending":"asc"}]}

2017-03-27 14:36:19.4829|INFO|PeatonalesRosario.Helpers.NLogger|JSON
Method: GET
URL: http://localhost:8089/api/peatonusers?dni=3442222
Controller : PeatonalesRosario.Controllers.PeatonUsersController
Action : Get
Action Parameters : {"messageFormat":"JSON","messageArguments":[{"page":1,"top":5,"orderby":"idpeatonusers","ascending":"asc","dni":"3442222"}]}

2017-03-27 14:37:15.0920|ERROR|PeatonalesRosario.Helpers.NLogger|Resolver.Exceptions.ApiException: Exception of type 'Resolver.Exceptions.ApiException' was thrown.
   at PeatonalesRosario.Controllers.AccountsController.<CreateUser>d__4.MoveNext() in D:\PeatonUp\Peatonales\PeatonalesRosario\PeatonalesRosario\Controllers\Security\AccountController.cs:line 187
--- End of stack trace from previous location where exception was thrown ---
   at System.Runtime.CompilerServices.TaskAwaiter.ThrowForNonSuccess(Task task)
   at System.Runtime.CompilerServices.TaskAwaiter.HandleNonSuccessAndDebuggerNotification(Task task)
   at System.Threading.Tasks.TaskHelpersExtensions.<CastToObject>d__3`1.MoveNext()
--- End of stack trace from previous location where exception was thrown ---
   at System.Runtime.CompilerServices.TaskAwaiter.ThrowForNonSuccess(Task task)
   at System.Runtime.CompilerServices.TaskAwaiter.HandleNonSuccessAndDebuggerNotification(Task task)
   at System.Web.Http.Controllers.ApiControllerActionInvoker.<InvokeActionAsyncCore>d__0.MoveNext()
--- End of stack trace from previous location where exception was thrown ---
   at System.Runtime.CompilerServices.TaskAwaiter.ThrowForNonSuccess(Task task)
   at System.Runtime.CompilerServices.TaskAwaiter.HandleNonSuccessAndDebuggerNotification(Task task)
   at System.Web.Http.Controllers.ActionFilterResult.<ExecuteAsync>d__2.MoveNext()
--- End of stack trace from previous location where exception was thrown ---
   at System.Runtime.CompilerServices.TaskAwaiter.ThrowForNonSuccess(Task task)
   at System.Runtime.CompilerServices.TaskAwaiter.HandleNonSuccessAndDebuggerNotification(Task task)
   at System.Web.Http.Controllers.ExceptionFilterResult.<ExecuteAsync>d__0.MoveNext()
Status Code: InternalServerError
Internal Code: -2146233033
ReasonPhrase: InternalServerError
Message: Invalid length for a Base-64 char array or string.
Method: POST
URL: http://localhost:8089/api/accounts/create
Controller : PeatonalesRosario.Controllers.AccountsController
Action : CreateUser
Action Parameters : {"messageFormat":"Resolver.Exceptions.ApiException: Exception of type 'Resolver.Exceptions.ApiException' was thrown.\r\n   at PeatonalesRosario.Controllers.AccountsController.<CreateUser>d__4.MoveNext() in D:\\PeatonUp\\Peatonales\\PeatonalesRosario\\PeatonalesRosario\\Controllers\\Security\\AccountController.cs:line 187\r\n--- End of stack trace from previous location where exception was thrown ---\r\n   at System.Runtime.CompilerServices.TaskAwaiter.ThrowForNonSuccess(Task task)\r\n   at System.Runtime.CompilerServices.TaskAwaiter.HandleNonSuccessAndDebuggerNotification(Task task)\r\n   at System.Threading.Tasks.TaskHelpersExtensions.<CastToObject>d__3`1.MoveNext()\r\n--- End of stack trace from previous location where exception was thrown ---\r\n   at System.Runtime.CompilerServices.TaskAwaiter.ThrowForNonSuccess(Task task)\r\n   at System.Runtime.CompilerServices.TaskAwaiter.HandleNonSuccessAndDebuggerNotification(Task task)\r\n   at System.Web.Http.Controllers.ApiControllerActionInvoker.<InvokeActionAsyncCore>d__0.MoveNext()\r\n--- End of stack trace from previous location where exception was thrown ---\r\n   at System.Runtime.CompilerServices.TaskAwaiter.ThrowForNonSuccess(Task task)\r\n   at System.Runtime.CompilerServices.TaskAwaiter.HandleNonSuccessAndDebuggerNotification(Task task)\r\n   at System.Web.Http.Controllers.ActionFilterResult.<ExecuteAsync>d__2.MoveNext()\r\n--- End of stack trace from previous location where exception was thrown ---\r\n   at System.Runtime.CompilerServices.TaskAwaiter.ThrowForNonSuccess(Task task)\r\n   at System.Runtime.CompilerServices.TaskAwaiter.HandleNonSuccessAndDebuggerNotification(Task task)\r\n   at System.Web.Http.Controllers.ExceptionFilterResult.<ExecuteAsync>d__0.MoveNext()\r\nStatus Code: InternalServerError\r\nInternal Code: -2146233033\r\nReasonPhrase: InternalServerError\r\nMessage: Invalid length for a Base-64 char array or string.","messageArguments":[]}

2017-03-27 14:46:37.3712|INFO|PeatonalesRosario.Helpers.NLogger|JSON
Method: GET
URL: http://localhost:8089/api/books/
Controller : PeatonalesRosario.Controllers.BooksController
Action : GetBooks
Action Parameters : {"messageFormat":"JSON","messageArguments":[{}]}

2017-03-27 14:46:37.3712|INFO|PeatonalesRosario.Helpers.NLogger|JSON
Method: GET
URL: http://localhost:8089/api/authors/
Controller : PeatonalesRosario.Controllers.AuthorsController
Action : GetItems
Action Parameters : {"messageFormat":"JSON","messageArguments":[{"page":1,"top":5,"orderby":"Id","ascending":"asc"}]}

2017-03-27 14:47:18.5596|INFO|PeatonalesRosario.Helpers.NLogger|JSON
Method: GET
URL: http://localhost:8089/api/peatonusers?dni=3442222
Controller : PeatonalesRosario.Controllers.PeatonUsersController
Action : Get
Action Parameters : {"messageFormat":"JSON","messageArguments":[{"page":1,"top":5,"orderby":"idpeatonusers","ascending":"asc","dni":"3442222"}]}

2017-03-27 14:48:12.8227|ERROR|PeatonalesRosario.Helpers.NLogger|Resolver.Exceptions.ApiException: Exception of type 'Resolver.Exceptions.ApiException' was thrown.
   at PeatonalesRosario.Controllers.AccountsController.<CreateUser>d__4.MoveNext() in D:\PeatonUp\Peatonales\PeatonalesRosario\PeatonalesRosario\Controllers\Security\AccountController.cs:line 187
--- End of stack trace from previous location where exception was thrown ---
   at System.Runtime.CompilerServices.TaskAwaiter.ThrowForNonSuccess(Task task)
   at System.Runtime.CompilerServices.TaskAwaiter.HandleNonSuccessAndDebuggerNotification(Task task)
   at System.Threading.Tasks.TaskHelpersExtensions.<CastToObject>d__3`1.MoveNext()
--- End of stack trace from previous location where exception was thrown ---
   at System.Runtime.CompilerServices.TaskAwaiter.ThrowForNonSuccess(Task task)
   at System.Runtime.CompilerServices.TaskAwaiter.HandleNonSuccessAndDebuggerNotification(Task task)
   at System.Web.Http.Controllers.ApiControllerActionInvoker.<InvokeActionAsyncCore>d__0.MoveNext()
--- End of stack trace from previous location where exception was thrown ---
   at System.Runtime.CompilerServices.TaskAwaiter.ThrowForNonSuccess(Task task)
   at System.Runtime.CompilerServices.TaskAwaiter.HandleNonSuccessAndDebuggerNotification(Task task)
   at System.Web.Http.Controllers.ActionFilterResult.<ExecuteAsync>d__2.MoveNext()
--- End of stack trace from previous location where exception was thrown ---
   at System.Runtime.CompilerServices.TaskAwaiter.ThrowForNonSuccess(Task task)
   at System.Runtime.CompilerServices.TaskAwaiter.HandleNonSuccessAndDebuggerNotification(Task task)
   at System.Web.Http.Controllers.ExceptionFilterResult.<ExecuteAsync>d__0.MoveNext()
Status Code: InternalServerError
Internal Code: -2146233088
ReasonPhrase: InternalServerError
Message: Server does not support secure connections.
Method: POST
URL: http://localhost:8089/api/accounts/create
Controller : PeatonalesRosario.Controllers.AccountsController
Action : CreateUser
Action Parameters : {"messageFormat":"Resolver.Exceptions.ApiException: Exception of type 'Resolver.Exceptions.ApiException' was thrown.\r\n   at PeatonalesRosario.Controllers.AccountsController.<CreateUser>d__4.MoveNext() in D:\\PeatonUp\\Peatonales\\PeatonalesRosario\\PeatonalesRosario\\Controllers\\Security\\AccountController.cs:line 187\r\n--- End of stack trace from previous location where exception was thrown ---\r\n   at System.Runtime.CompilerServices.TaskAwaiter.ThrowForNonSuccess(Task task)\r\n   at System.Runtime.CompilerServices.TaskAwaiter.HandleNonSuccessAndDebuggerNotification(Task task)\r\n   at System.Threading.Tasks.TaskHelpersExtensions.<CastToObject>d__3`1.MoveNext()\r\n--- End of stack trace from previous location where exception was thrown ---\r\n   at System.Runtime.CompilerServices.TaskAwaiter.ThrowForNonSuccess(Task task)\r\n   at System.Runtime.CompilerServices.TaskAwaiter.HandleNonSuccessAndDebuggerNotification(Task task)\r\n   at System.Web.Http.Controllers.ApiControllerActionInvoker.<InvokeActionAsyncCore>d__0.MoveNext()\r\n--- End of stack trace from previous location where exception was thrown ---\r\n   at System.Runtime.CompilerServices.TaskAwaiter.ThrowForNonSuccess(Task task)\r\n   at System.Runtime.CompilerServices.TaskAwaiter.HandleNonSuccessAndDebuggerNotification(Task task)\r\n   at System.Web.Http.Controllers.ActionFilterResult.<ExecuteAsync>d__2.MoveNext()\r\n--- End of stack trace from previous location where exception was thrown ---\r\n   at System.Runtime.CompilerServices.TaskAwaiter.ThrowForNonSuccess(Task task)\r\n   at System.Runtime.CompilerServices.TaskAwaiter.HandleNonSuccessAndDebuggerNotification(Task task)\r\n   at System.Web.Http.Controllers.ExceptionFilterResult.<ExecuteAsync>d__0.MoveNext()\r\nStatus Code: InternalServerError\r\nInternal Code: -2146233088\r\nReasonPhrase: InternalServerError\r\nMessage: Server does not support secure connections.","messageArguments":[]}

2017-03-27 14:49:12.7111|INFO|PeatonalesRosario.Helpers.NLogger|JSON
Method: GET
URL: http://localhost:8089/api/peatonusers?dni=3442222
Controller : PeatonalesRosario.Controllers.PeatonUsersController
Action : Get
Action Parameters : {"messageFormat":"JSON","messageArguments":[{"page":1,"top":5,"orderby":"idpeatonusers","ascending":"asc","dni":"3442222"}]}

2017-03-27 14:49:15.6703|INFO|PeatonalesRosario.Helpers.NLogger|JSON
Method: GET
URL: http://localhost:8089/api/peatonusers?dni=3442222
Controller : PeatonalesRosario.Controllers.PeatonUsersController
Action : Get
Action Parameters : {"messageFormat":"JSON","messageArguments":[{"page":1,"top":5,"orderby":"idpeatonusers","ascending":"asc","dni":"3442222"}]}

2017-03-27 14:49:20.6145|INFO|PeatonalesRosario.Helpers.NLogger|JSON
Method: GET
URL: http://localhost:8089/api/peatonusers?dni=3442222
Controller : PeatonalesRosario.Controllers.PeatonUsersController
Action : Get
Action Parameters : {"messageFormat":"JSON","messageArguments":[{"page":1,"top":5,"orderby":"idpeatonusers","ascending":"asc","dni":"3442222"}]}

2017-03-27 14:50:00.9018|INFO|PeatonalesRosario.Helpers.NLogger|JSON
Method: GET
URL: http://localhost:8089/api/authors/
Controller : PeatonalesRosario.Controllers.AuthorsController
Action : GetItems
Action Parameters : {"messageFormat":"JSON","messageArguments":[{"page":1,"top":5,"orderby":"Id","ascending":"asc"}]}

2017-03-27 14:50:00.9018|INFO|PeatonalesRosario.Helpers.NLogger|JSON
Method: GET
URL: http://localhost:8089/api/books/
Controller : PeatonalesRosario.Controllers.BooksController
Action : GetBooks
Action Parameters : {"messageFormat":"JSON","messageArguments":[{}]}

2017-03-27 14:50:05.8851|INFO|PeatonalesRosario.Helpers.NLogger|JSON
Method: GET
URL: http://localhost:8089/api/peatonusers?dni=3442222
Controller : PeatonalesRosario.Controllers.PeatonUsersController
Action : Get
Action Parameters : {"messageFormat":"JSON","messageArguments":[{"page":1,"top":5,"orderby":"idpeatonusers","ascending":"asc","dni":"3442222"}]}

2017-03-27 14:52:52.8697|INFO|PeatonalesRosario.Helpers.NLogger|JSON
Method: GET
URL: http://localhost:8089/api/peatonusers?dni=3442211
Controller : PeatonalesRosario.Controllers.PeatonUsersController
Action : Get
Action Parameters : {"messageFormat":"JSON","messageArguments":[{"page":1,"top":5,"orderby":"idpeatonusers","ascending":"asc","dni":"3442211"}]}

2017-03-27 15:38:36.3696|INFO|PeatonalesRosario.Helpers.NLogger|JSON
Method: GET
URL: http://localhost:8089/api/books/
Controller : PeatonalesRosario.Controllers.BooksController
Action : GetBooks
Action Parameters : {"messageFormat":"JSON","messageArguments":[{}]}

2017-03-27 15:38:36.3696|INFO|PeatonalesRosario.Helpers.NLogger|JSON
Method: GET
URL: http://localhost:8089/api/authors/
Controller : PeatonalesRosario.Controllers.AuthorsController
Action : GetItems
Action Parameters : {"messageFormat":"JSON","messageArguments":[{"page":1,"top":5,"orderby":"Id","ascending":"asc"}]}

